<!DOCTYPE html PUBLIC "-//W3C//DTD XHTML 1.1//EN" "http://www.w3.org/TR/xhtml11/DTD/xhtml11.dtd">
<html xmlns="http://www.w3.org/1999/xhtml">
<head>
<meta http-equiv="content-type" content="text/html; charset=UTF-8"/>
<title>TestNG Report</title>
<style type="text/css">table {margin-bottom:10px;border-collapse:collapse;empty-cells:show}th,td {border:1px solid #009;padding:.25em .5em}th {vertical-align:bottom}td {vertical-align:top}table a {font-weight:bold}.stripe td {background-color: #E6EBF9}.num {text-align:right}.passedodd td {background-color: #3F3}.passedeven td {background-color: #0A0}.skippedodd td {background-color: #DDD}.skippedeven td {background-color: #CCC}.failedodd td,.attn {background-color: #F33}.failedeven td,.stripe .attn {background-color: #D00}.stacktrace {white-space:pre;font-family:monospace}.totop {font-size:85%;text-align:center;border-bottom:2px solid #000}.invisible {display:none}</style>
</head>
<body>
<table>
<tr><th>Test</th><th># Passed</th><th># Skipped</th><th># Failed</th><th>Time (ms)</th><th>Included Groups</th><th>Excluded Groups</th></tr>
<tr><th colspan="7">FullUITestSuite</th></tr>
<tr><td><a href="#t0">NegativeUsernameTest-CH</a></td><td class="num">1</td><td class="num">0</td><td class="num">0</td><td class="num">17,281</td><td></td><td></td></tr>
<tr class="stripe"><td><a href="#t1">CheckboxesTests</a></td><td class="num">1</td><td class="num">0</td><td class="num">0</td><td class="num">20,100</td><td></td><td></td></tr>
<tr><td><a href="#t2">PositiveLogInTest-CH</a></td><td class="num">1</td><td class="num">0</td><td class="num">0</td><td class="num">20,099</td><td></td><td></td></tr>
<tr class="stripe"><td><a href="#t3">DropdownTests</a></td><td class="num">1</td><td class="num">0</td><td class="num">0</td><td class="num">18,725</td><td></td><td></td></tr>
<tr><td><a href="#t4">WindowsTests</a></td><td class="num">0</td><td class="num">0</td><td class="num attn">1</td><td class="num">21,136</td><td></td><td></td></tr>
<tr class="stripe"><td><a href="#t5">EditorTests</a></td><td class="num">1</td><td class="num">0</td><td class="num">0</td><td class="num">22,393</td><td></td><td></td></tr>
<tr><td><a href="#t6">KeyPressesTests</a></td><td class="num">2</td><td class="num">0</td><td class="num">0</td><td class="num">22,732</td><td></td><td></td></tr>
<tr class="stripe"><td><a href="#t7">AlertsTests</a></td><td class="num">2</td><td class="num">0</td><td class="num attn">1</td><td class="num">56,001</td><td></td><td></td></tr>
<tr><td><a href="#t8">DragAndDropTests-CH</a></td><td class="num">1</td><td class="num">0</td><td class="num">0</td><td class="num">12,140</td><td></td><td></td></tr>
<tr class="stripe"><td><a href="#t9">NegativePasswordTest-FF</a></td><td class="num">0</td><td class="num attn">1</td><td class="num">0</td><td class="num">86,768</td><td></td><td></td></tr>
<tr><td><a href="#t10">UploadTests</a></td><td class="num">3</td><td class="num">0</td><td class="num">0</td><td class="num">42,633</td><td></td><td></td></tr>
<tr class="stripe"><td><a href="#t11">DragAndDropTests-FF</a></td><td class="num">0</td><td class="num attn">1</td><td class="num">0</td><td class="num">83,276</td><td></td><td></td></tr>
<tr><th>Total</th><th class="num">13</th><th class="num attn">2</th><th class="num attn">2</th><th class="num">423,284</th><th colspan="2"></th></tr>
</table>
<table id='summary'><thead><tr><th>Class</th><th>Method</th><th>Start</th><th>Time (ms)</th></tr></thead><tbody><tr><th colspan="4">FullUITestSuite</th></tr></tbody><tbody id="t0"><tr><th colspan="4">NegativeUsernameTest-CH &#8212; passed</th></tr><tr class="passedeven"><td rowspan="1">net.thomasmaestas.selenium.loginpagetests.NegativeLogInTests</td><td><a href="#m0">negativeTest</a></td><td rowspan="1">1608435933780</td><td rowspan="1">3054</td></tr></tbody>
<tbody id="t1"><tr><th colspan="4">CheckboxesTests &#8212; passed</th></tr><tr class="passedeven"><td rowspan="1">net.thomasmaestas.selenium.checkboxespagetests.CheckboxesTests</td><td><a href="#m1">selectingTwoCheckboxesTest</a></td><td rowspan="1">1608435933014</td><td rowspan="1">4724</td></tr></tbody>
<tbody id="t2"><tr><th colspan="4">PositiveLogInTest-CH &#8212; passed</th></tr><tr class="passedeven"><td rowspan="1">net.thomasmaestas.selenium.loginpagetests.PositiveLogInTests</td><td><a href="#m2">logInTest</a></td><td rowspan="1">1608435933017</td><td rowspan="1">6587</td></tr></tbody>
<tbody id="t3"><tr><th colspan="4">DropdownTests &#8212; passed</th></tr><tr class="passedeven"><td rowspan="1">net.thomasmaestas.selenium.dropdowntests.DropdownTests</td><td><a href="#m3">optionTwoTest</a></td><td rowspan="1">1608435948581</td><td rowspan="1">8883</td></tr></tbody>
<tbody id="t4"><tr><th colspan="4">WindowsTests &#8212; failed</th></tr><tr class="failedeven"><td rowspan="1">net.thomasmaestas.selenium.windowstests.WindowsTests</td><td><a href="#m4">newWindowTest</a></td><td rowspan="1">1608435951411</td><td rowspan="1">9988</td></tr></tbody>
<tbody id="t5"><tr><th colspan="4">EditorTests &#8212; passed</th></tr><tr class="passedeven"><td rowspan="1">net.thomasmaestas.selenium.editortests.EditorTests</td><td><a href="#m5">defaultEditorValueTest</a></td><td rowspan="1">1608435967669</td><td rowspan="1">12762</td></tr></tbody>
<tbody id="t6"><tr><th colspan="4">KeyPressesTests &#8212; passed</th></tr><tr class="passedeven"><td rowspan="2">net.thomasmaestas.selenium.keypressestests.KeyPressesTests</td><td><a href="#m6">pressKeyTest</a></td><td rowspan="1">1608435972203</td><td rowspan="1">1050</td></tr><tr class="passedeven"><td><a href="#m7">pressKeyWithActionsTest</a></td><td rowspan="1">1608435984124</td><td rowspan="1">1351</td></tr></tbody>
<tbody id="t7"><tr><th colspan="4">AlertsTests &#8212; failed</th></tr><tr class="failedeven"><td rowspan="1">net.thomasmaestas.selenium.alertstests.AlertsTests</td><td><a href="#m8">jsDismissTest</a></td><td rowspan="1">1608435966645</td><td rowspan="1">16593</td></tr><tr><th colspan="4">AlertsTests &#8212; passed</th></tr><tr class="passedeven"><td rowspan="2">net.thomasmaestas.selenium.alertstests.AlertsTests</td><td><a href="#m9">jsAlertTest</a></td><td rowspan="1">1608435952106</td><td rowspan="1">3782</td></tr><tr class="passedeven"><td><a href="#m10">jsPromptTest</a></td><td rowspan="1">1608435992234</td><td rowspan="1">5235</td></tr></tbody>
<tbody id="t8"><tr><th colspan="4">DragAndDropTests-CH &#8212; passed</th></tr><tr class="passedeven"><td rowspan="1">net.thomasmaestas.selenium.draganddroptests.DragAndDropTests</td><td><a href="#m11">dragAToBTest</a></td><td rowspan="1">1608435996332</td><td rowspan="1">1072</td></tr></tbody>
<tbody id="t9"><tr><th colspan="4">NegativePasswordTest-FF &#8212; failed (configuration methods)</th></tr><tr class="failedeven"><td rowspan="2">net.thomasmaestas.selenium.loginpagetests.NegativeLogInTests</td><td><a href="#m12">setUp</a></td><td rowspan="1">1608435922473</td><td rowspan="1">86731</td></tr><tr class="failedeven"><td><a href="#m13">tearDown</a></td><td rowspan="1">1608436009209</td><td rowspan="1">1</td></tr><tr><th colspan="4">NegativePasswordTest-FF &#8212; skipped</th></tr><tr class="skippedeven"><td rowspan="1">net.thomasmaestas.selenium.loginpagetests.NegativeLogInTests</td><td><a href="#m14">negativeTest</a></td><td rowspan="1">1608436009208</td><td rowspan="1">0</td></tr></tbody>
<tbody id="t10"><tr><th colspan="4">UploadTests &#8212; passed</th></tr><tr class="passedeven"><td rowspan="3">net.thomasmaestas.selenium.uploadtests.UploadTests</td><td><a href="#m15">fileUploadTest</a></td><td rowspan="3">1608436019857</td><td rowspan="3">2833</td></tr><tr class="passedeven"><td><a href="#m16">fileUploadTest</a></td></tr><tr class="passedeven"><td><a href="#m17">fileUploadTest</a></td></tr></tbody>
<tbody id="t11"><tr><th colspan="4">DragAndDropTests-FF &#8212; failed (configuration methods)</th></tr><tr class="failedeven"><td rowspan="2">net.thomasmaestas.selenium.draganddroptests.DragAndDropTests</td><td><a href="#m18">setUp</a></td><td rowspan="1">1608435998559</td><td rowspan="1">83270</td></tr><tr class="failedeven"><td><a href="#m19">tearDown</a></td><td rowspan="1">1608436081832</td><td rowspan="1">0</td></tr><tr><th colspan="4">DragAndDropTests-FF &#8212; skipped</th></tr><tr class="skippedeven"><td rowspan="1">net.thomasmaestas.selenium.draganddroptests.DragAndDropTests</td><td><a href="#m20">dragAToBTest</a></td><td rowspan="1">1608436081831</td><td rowspan="1">0</td></tr></tbody>
</table>
<h2>NegativeUsernameTest-CH</h2><h3 id="m0">net.thomasmaestas.selenium.loginpagetests.NegativeLogInTests#negativeTest</h3><table class="result"><tr class="param"><th>Parameter #1</th><th>Parameter #2</th><th>Parameter #3</th></tr><tr class="param stripe"><td>incorrectUsername</td><td>SuperSecretPassword!</td><td>Your username is invalid!</td></tr></table><p class="totop"><a href="#summary">back to summary</a></p>
<h2>CheckboxesTests</h2><h3 id="m1">net.thomasmaestas.selenium.checkboxespagetests.CheckboxesTests#selectingTwoCheckboxesTest</h3><table class="result"><tr><th class="invisible"/></tr></table><p class="totop"><a href="#summary">back to summary</a></p>
<h2>PositiveLogInTest-CH</h2><h3 id="m2">net.thomasmaestas.selenium.loginpagetests.PositiveLogInTests#logInTest</h3><table class="result"><tr><th class="invisible"/></tr></table><p class="totop"><a href="#summary">back to summary</a></p>
<h2>DropdownTests</h2><h3 id="m3">net.thomasmaestas.selenium.dropdowntests.DropdownTests#optionTwoTest</h3><table class="result"><tr><th class="invisible"/></tr></table><p class="totop"><a href="#summary">back to summary</a></p>
<h2>WindowsTests</h2><h3 id="m4">net.thomasmaestas.selenium.windowstests.WindowsTests#newWindowTest</h3><table class="result"><tr><th>Exception</th></tr><tr><td><div class="stacktrace">org.openqa.selenium.TimeoutException: Expected condition failed: waiting for visibility of element located by By.linkText: Click Here (tried for 5 second(s) with 500 milliseconds interval)
	at org.openqa.selenium.support.ui.WebDriverWait.timeoutException(WebDriverWait.java:113)
	at org.openqa.selenium.support.ui.FluentWait.until(FluentWait.java:283)
	at net.thomasmaestas.selenium.pages.BasePageObject.waitFor(BasePageObject.java:78)
	at net.thomasmaestas.selenium.pages.BasePageObject.waitForVisibilityOf(BasePageObject.java:89)
	at net.thomasmaestas.selenium.pages.BasePageObject.click(BasePageObject.java:47)
	at net.thomasmaestas.selenium.pages.WindowsPage.openNewWindow(WindowsPage.java:18)
	at net.thomasmaestas.selenium.windowstests.WindowsTests.newWindowTest(WindowsTests.java:25)
	at java.util.concurrent.FutureTask.run(FutureTask.java:266)
	at java.util.concurrent.ThreadPoolExecutor.runWorker(ThreadPoolExecutor.java:1149)
	at java.util.concurrent.ThreadPoolExecutor$Worker.run(ThreadPoolExecutor.java:624)
	at java.lang.Thread.run(Thread.java:748)
Caused by: org.openqa.selenium.NoSuchElementException: Cannot locate an element using By.linkText: Click Here
For documentation on this error, please visit: http://seleniumhq.org/exceptions/no_such_element.html
Build info: version: &apos;3.14.0&apos;, revision: &apos;aacccce0&apos;, time: &apos;2018-08-02T20:19:58.91Z&apos;
System info: host: &apos;LAPTOP-43MOIMNV&apos;, ip: &apos;192.168.0.10&apos;, os.name: &apos;Windows 10&apos;, os.arch: &apos;amd64&apos;, os.version: &apos;10.0&apos;, java.version: &apos;1.8.0_261&apos;
Driver info: driver.version: unknown
	at org.openqa.selenium.support.ui.ExpectedConditions.lambda$findElement$0(ExpectedConditions.java:896)
	at java.util.Optional.orElseThrow(Optional.java:290)
	at org.openqa.selenium.support.ui.ExpectedConditions.findElement(ExpectedConditions.java:895)
	at org.openqa.selenium.support.ui.ExpectedConditions.access$000(ExpectedConditions.java:44)
	at org.openqa.selenium.support.ui.ExpectedConditions$7.apply(ExpectedConditions.java:206)
	at org.openqa.selenium.support.ui.ExpectedConditions$7.apply(ExpectedConditions.java:202)
	at org.openqa.selenium.support.ui.FluentWait.until(FluentWait.java:260)
	... 25 more
... Removed 16 stack frames</div></td></tr></table><p class="totop"><a href="#summary">back to summary</a></p>
<h2>EditorTests</h2><h3 id="m5">net.thomasmaestas.selenium.editortests.EditorTests#defaultEditorValueTest</h3><table class="result"><tr><th class="invisible"/></tr></table><p class="totop"><a href="#summary">back to summary</a></p>
<h2>KeyPressesTests</h2><h3 id="m6">net.thomasmaestas.selenium.keypressestests.KeyPressesTests#pressKeyTest</h3><table class="result"><tr><th class="invisible"/></tr></table><p class="totop"><a href="#summary">back to summary</a></p>
<h3 id="m7">net.thomasmaestas.selenium.keypressestests.KeyPressesTests#pressKeyWithActionsTest</h3><table class="result"><tr><th class="invisible"/></tr></table><p class="totop"><a href="#summary">back to summary</a></p>
<h2>AlertsTests</h2><h3 id="m8">net.thomasmaestas.selenium.alertstests.AlertsTests#jsDismissTest</h3><table class="result"><tr><th>Exception</th></tr><tr><td><div class="stacktrace">org.openqa.selenium.TimeoutException: Expected condition failed: waiting for alert to be present (tried for 5 second(s) with 500 milliseconds interval)
Build info: version: &apos;3.14.0&apos;, revision: &apos;aacccce0&apos;, time: &apos;2018-08-02T20:19:58.91Z&apos;
System info: host: &apos;LAPTOP-43MOIMNV&apos;, ip: &apos;192.168.0.10&apos;, os.name: &apos;Windows 10&apos;, os.arch: &apos;amd64&apos;, os.version: &apos;10.0&apos;, java.version: &apos;1.8.0_261&apos;
Driver info: org.openqa.selenium.chrome.ChromeDriver
Capabilities {acceptInsecureCerts: false, acceptSslCerts: false, applicationCacheEnabled: false, browserConnectionEnabled: false, browserName: chrome, chrome: {chromedriverVersion: 2.38.552522 (437e6fbedfa876..., userDataDir: C:\Users\thoma\AppData\Loca...}, cssSelectorsEnabled: true, databaseEnabled: false, handlesAlerts: true, hasTouchScreen: false, javascriptEnabled: true, locationContextEnabled: true, mobileEmulationEnabled: false, nativeEvents: true, networkConnectionEnabled: false, pageLoadStrategy: normal, platform: XP, platformName: XP, rotatable: false, setWindowRect: true, takesHeapSnapshot: true, takesScreenshot: true, unexpectedAlertBehaviour: , unhandledPromptBehavior: , version: 87.0.4280.88, webStorageEnabled: true}
Session ID: 64c8435b34435b4cf0635329a2c9f689
	at org.openqa.selenium.support.ui.WebDriverWait.timeoutException(WebDriverWait.java:113)
	at org.openqa.selenium.support.ui.FluentWait.until(FluentWait.java:283)
	at net.thomasmaestas.selenium.pages.BasePageObject.switchToAlert(BasePageObject.java:101)
	at net.thomasmaestas.selenium.pages.JavaScriptAlertsPage.getAlertText(JavaScriptAlertsPage.java:40)
	at net.thomasmaestas.selenium.alertstests.AlertsTests.jsDismissTest(AlertsTests.java:61)
	at java.util.concurrent.FutureTask.run(FutureTask.java:266)
	at java.util.concurrent.ThreadPoolExecutor.runWorker(ThreadPoolExecutor.java:1149)
	at java.util.concurrent.ThreadPoolExecutor$Worker.run(ThreadPoolExecutor.java:624)
	at java.lang.Thread.run(Thread.java:748)
... Removed 16 stack frames</div></td></tr></table><p class="totop"><a href="#summary">back to summary</a></p>
<h3 id="m9">net.thomasmaestas.selenium.alertstests.AlertsTests#jsAlertTest</h3><table class="result"><tr><th class="invisible"/></tr></table><p class="totop"><a href="#summary">back to summary</a></p>
<h3 id="m10">net.thomasmaestas.selenium.alertstests.AlertsTests#jsPromptTest</h3><table class="result"><tr><th class="invisible"/></tr></table><p class="totop"><a href="#summary">back to summary</a></p>
<h2>DragAndDropTests-CH</h2><h3 id="m11">net.thomasmaestas.selenium.draganddroptests.DragAndDropTests#dragAToBTest</h3><table class="result"><tr><th class="invisible"/></tr></table><p class="totop"><a href="#summary">back to summary</a></p>
<h2>NegativePasswordTest-FF</h2><h3 id="m12">net.thomasmaestas.selenium.loginpagetests.NegativeLogInTests#setUp</h3><table class="result"><tr class="param"><th>Parameter #1</th><th>Parameter #2</th></tr><tr class="param stripe"><td>firefox</td><td>org.testng.TestRunner@1ca17b91</td></tr><tr><th colspan="2">Exception</th></tr><tr><td colspan="2"><div class="stacktrace">org.openqa.selenium.WebDriverException: newSession
Build info: version: &apos;3.14.0&apos;, revision: &apos;aacccce0&apos;, time: &apos;2018-08-02T20:19:58.91Z&apos;
System info: host: &apos;LAPTOP-43MOIMNV&apos;, ip: &apos;192.168.0.10&apos;, os.name: &apos;Windows 10&apos;, os.arch: &apos;amd64&apos;, os.version: &apos;10.0&apos;, java.version: &apos;1.8.0_261&apos;
Driver info: driver.version: FirefoxDriver
remote stacktrace: WebDriverError@chrome://marionette/content/error.js:181:5
UnknownCommandError@chrome://marionette/content/error.js:477:5
despatch@chrome://marionette/content/server.js:287:13
execute@chrome://marionette/content/server.js:267:16
onPacket/&lt;@chrome://marionette/content/server.js:240:20
onPacket@chrome://marionette/content/server.js:241:9
_onJSONObjectReady/&lt;@chrome://marionette/content/transport.js:504:20

	at org.openqa.selenium.remote.W3CHandshakeResponse.lambda$new$0(W3CHandshakeResponse.java:57)
	at org.openqa.selenium.remote.W3CHandshakeResponse.lambda$getResponseFunction$2(W3CHandshakeResponse.java:104)
	at org.openqa.selenium.remote.ProtocolHandshake.lambda$createSession$0(ProtocolHandshake.java:122)
	at java.util.stream.ReferencePipeline$3$1.accept(ReferencePipeline.java:193)
	at java.util.Spliterators$ArraySpliterator.tryAdvance(Spliterators.java:958)
	at java.util.stream.ReferencePipeline.forEachWithCancel(ReferencePipeline.java:126)
	at java.util.stream.AbstractPipeline.copyIntoWithCancel(AbstractPipeline.java:499)
	at java.util.stream.AbstractPipeline.copyInto(AbstractPipeline.java:486)
	at java.util.stream.AbstractPipeline.wrapAndCopyInto(AbstractPipeline.java:472)
	at java.util.stream.FindOps$FindOp.evaluateSequential(FindOps.java:152)
	at java.util.stream.AbstractPipeline.evaluate(AbstractPipeline.java:234)
	at java.util.stream.ReferencePipeline.findFirst(ReferencePipeline.java:464)
	at org.openqa.selenium.remote.ProtocolHandshake.createSession(ProtocolHandshake.java:125)
	at org.openqa.selenium.remote.ProtocolHandshake.createSession(ProtocolHandshake.java:73)
	at org.openqa.selenium.remote.HttpCommandExecutor.execute(HttpCommandExecutor.java:136)
	at org.openqa.selenium.remote.service.DriverCommandExecutor.execute(DriverCommandExecutor.java:83)
	at org.openqa.selenium.remote.RemoteWebDriver.execute(RemoteWebDriver.java:548)
	at org.openqa.selenium.remote.RemoteWebDriver.startSession(RemoteWebDriver.java:212)
	at org.openqa.selenium.remote.RemoteWebDriver.&lt;init&gt;(RemoteWebDriver.java:130)
	at org.openqa.selenium.firefox.FirefoxDriver.&lt;init&gt;(FirefoxDriver.java:125)
	at org.openqa.selenium.firefox.FirefoxDriver.&lt;init&gt;(FirefoxDriver.java:103)
	at net.thomasmaestas.selenium.base.BrowserDriverFactory.createDriver(BrowserDriverFactory.java:31)
	at net.thomasmaestas.selenium.base.BaseTest.setUp(BaseTest.java:24)
	at java.util.concurrent.FutureTask.run(FutureTask.java:266)
	at java.util.concurrent.ThreadPoolExecutor.runWorker(ThreadPoolExecutor.java:1149)
	at java.util.concurrent.ThreadPoolExecutor$Worker.run(ThreadPoolExecutor.java:624)
	at java.lang.Thread.run(Thread.java:748)
... Removed 23 stack frames</div></td></tr></table><p class="totop"><a href="#summary">back to summary</a></p>
<h3 id="m13">net.thomasmaestas.selenium.loginpagetests.NegativeLogInTests#tearDown</h3><table class="result"><tr><th>Exception</th></tr><tr><td><div class="stacktrace">java.lang.NullPointerException
	at net.thomasmaestas.selenium.base.BaseTest.tearDown(BaseTest.java:40)
	at java.util.concurrent.FutureTask.run(FutureTask.java:266)
	at java.util.concurrent.ThreadPoolExecutor.runWorker(ThreadPoolExecutor.java:1149)
	at java.util.concurrent.ThreadPoolExecutor$Worker.run(ThreadPoolExecutor.java:624)
	at java.lang.Thread.run(Thread.java:748)
... Removed 19 stack frames</div></td></tr></table><p class="totop"><a href="#summary">back to summary</a></p>
<h3 id="m14">net.thomasmaestas.selenium.loginpagetests.NegativeLogInTests#negativeTest</h3><table class="result"><tr><th>Exception</th></tr><tr><td><div class="stacktrace">org.openqa.selenium.WebDriverException: newSession
Build info: version: &apos;3.14.0&apos;, revision: &apos;aacccce0&apos;, time: &apos;2018-08-02T20:19:58.91Z&apos;
System info: host: &apos;LAPTOP-43MOIMNV&apos;, ip: &apos;192.168.0.10&apos;, os.name: &apos;Windows 10&apos;, os.arch: &apos;amd64&apos;, os.version: &apos;10.0&apos;, java.version: &apos;1.8.0_261&apos;
Driver info: driver.version: FirefoxDriver
remote stacktrace: WebDriverError@chrome://marionette/content/error.js:181:5
UnknownCommandError@chrome://marionette/content/error.js:477:5
despatch@chrome://marionette/content/server.js:287:13
execute@chrome://marionette/content/server.js:267:16
onPacket/&lt;@chrome://marionette/content/server.js:240:20
onPacket@chrome://marionette/content/server.js:241:9
_onJSONObjectReady/&lt;@chrome://marionette/content/transport.js:504:20

	at org.openqa.selenium.remote.W3CHandshakeResponse.lambda$new$0(W3CHandshakeResponse.java:57)
	at org.openqa.selenium.remote.W3CHandshakeResponse.lambda$getResponseFunction$2(W3CHandshakeResponse.java:104)
	at org.openqa.selenium.remote.ProtocolHandshake.lambda$createSession$0(ProtocolHandshake.java:122)
	at java.util.stream.ReferencePipeline$3$1.accept(ReferencePipeline.java:193)
	at java.util.Spliterators$ArraySpliterator.tryAdvance(Spliterators.java:958)
	at java.util.stream.ReferencePipeline.forEachWithCancel(ReferencePipeline.java:126)
	at java.util.stream.AbstractPipeline.copyIntoWithCancel(AbstractPipeline.java:499)
	at java.util.stream.AbstractPipeline.copyInto(AbstractPipeline.java:486)
	at java.util.stream.AbstractPipeline.wrapAndCopyInto(AbstractPipeline.java:472)
	at java.util.stream.FindOps$FindOp.evaluateSequential(FindOps.java:152)
	at java.util.stream.AbstractPipeline.evaluate(AbstractPipeline.java:234)
	at java.util.stream.ReferencePipeline.findFirst(ReferencePipeline.java:464)
	at org.openqa.selenium.remote.ProtocolHandshake.createSession(ProtocolHandshake.java:125)
	at org.openqa.selenium.remote.ProtocolHandshake.createSession(ProtocolHandshake.java:73)
	at org.openqa.selenium.remote.HttpCommandExecutor.execute(HttpCommandExecutor.java:136)
	at org.openqa.selenium.remote.service.DriverCommandExecutor.execute(DriverCommandExecutor.java:83)
	at org.openqa.selenium.remote.RemoteWebDriver.execute(RemoteWebDriver.java:548)
	at org.openqa.selenium.remote.RemoteWebDriver.startSession(RemoteWebDriver.java:212)
	at org.openqa.selenium.remote.RemoteWebDriver.&lt;init&gt;(RemoteWebDriver.java:130)
	at org.openqa.selenium.firefox.FirefoxDriver.&lt;init&gt;(FirefoxDriver.java:125)
	at org.openqa.selenium.firefox.FirefoxDriver.&lt;init&gt;(FirefoxDriver.java:103)
	at net.thomasmaestas.selenium.base.BrowserDriverFactory.createDriver(BrowserDriverFactory.java:31)
	at net.thomasmaestas.selenium.base.BaseTest.setUp(BaseTest.java:24)
	at java.util.concurrent.FutureTask.run(FutureTask.java:266)
	at java.util.concurrent.ThreadPoolExecutor.runWorker(ThreadPoolExecutor.java:1149)
	at java.util.concurrent.ThreadPoolExecutor$Worker.run(ThreadPoolExecutor.java:624)
	at java.lang.Thread.run(Thread.java:748)
... Removed 23 stack frames</div></td></tr></table><p class="totop"><a href="#summary">back to summary</a></p>
<h2>UploadTests</h2><h3 id="m15">net.thomasmaestas.selenium.uploadtests.UploadTests#fileUploadTest</h3><table class="result"><tr class="param"><th>Parameter #1</th><th>Parameter #2</th></tr><tr class="param stripe"><td>3</td><td>text.txt</td></tr></table><p class="totop"><a href="#summary">back to summary</a></p>
<h3 id="m16">net.thomasmaestas.selenium.uploadtests.UploadTests#fileUploadTest</h3><table class="result"><tr class="param"><th>Parameter #1</th><th>Parameter #2</th></tr><tr class="param stripe"><td>2</td><td>logo.png</td></tr></table><p class="totop"><a href="#summary">back to summary</a></p>
<h3 id="m17">net.thomasmaestas.selenium.uploadtests.UploadTests#fileUploadTest</h3><table class="result"><tr class="param"><th>Parameter #1</th><th>Parameter #2</th></tr><tr class="param stripe"><td>1</td><td>index.html</td></tr></table><p class="totop"><a href="#summary">back to summary</a></p>
<h2>DragAndDropTests-FF</h2><h3 id="m18">net.thomasmaestas.selenium.draganddroptests.DragAndDropTests#setUp</h3><table class="result"><tr class="param"><th>Parameter #1</th><th>Parameter #2</th></tr><tr class="param stripe"><td>firefox</td><td>org.testng.TestRunner@29cdc7</td></tr><tr><th colspan="2">Exception</th></tr><tr><td colspan="2"><div class="stacktrace">org.openqa.selenium.WebDriverException: newSession
Build info: version: &apos;3.14.0&apos;, revision: &apos;aacccce0&apos;, time: &apos;2018-08-02T20:19:58.91Z&apos;
System info: host: &apos;LAPTOP-43MOIMNV&apos;, ip: &apos;192.168.0.10&apos;, os.name: &apos;Windows 10&apos;, os.arch: &apos;amd64&apos;, os.version: &apos;10.0&apos;, java.version: &apos;1.8.0_261&apos;
Driver info: driver.version: FirefoxDriver
remote stacktrace: WebDriverError@chrome://marionette/content/error.js:181:5
UnknownCommandError@chrome://marionette/content/error.js:477:5
despatch@chrome://marionette/content/server.js:287:13
execute@chrome://marionette/content/server.js:267:16
onPacket/&lt;@chrome://marionette/content/server.js:240:20
onPacket@chrome://marionette/content/server.js:241:9
_onJSONObjectReady/&lt;@chrome://marionette/content/transport.js:504:20

	at org.openqa.selenium.remote.W3CHandshakeResponse.lambda$new$0(W3CHandshakeResponse.java:57)
	at org.openqa.selenium.remote.W3CHandshakeResponse.lambda$getResponseFunction$2(W3CHandshakeResponse.java:104)
	at org.openqa.selenium.remote.ProtocolHandshake.lambda$createSession$0(ProtocolHandshake.java:122)
	at java.util.stream.ReferencePipeline$3$1.accept(ReferencePipeline.java:193)
	at java.util.Spliterators$ArraySpliterator.tryAdvance(Spliterators.java:958)
	at java.util.stream.ReferencePipeline.forEachWithCancel(ReferencePipeline.java:126)
	at java.util.stream.AbstractPipeline.copyIntoWithCancel(AbstractPipeline.java:499)
	at java.util.stream.AbstractPipeline.copyInto(AbstractPipeline.java:486)
	at java.util.stream.AbstractPipeline.wrapAndCopyInto(AbstractPipeline.java:472)
	at java.util.stream.FindOps$FindOp.evaluateSequential(FindOps.java:152)
	at java.util.stream.AbstractPipeline.evaluate(AbstractPipeline.java:234)
	at java.util.stream.ReferencePipeline.findFirst(ReferencePipeline.java:464)
	at org.openqa.selenium.remote.ProtocolHandshake.createSession(ProtocolHandshake.java:125)
	at org.openqa.selenium.remote.ProtocolHandshake.createSession(ProtocolHandshake.java:73)
	at org.openqa.selenium.remote.HttpCommandExecutor.execute(HttpCommandExecutor.java:136)
	at org.openqa.selenium.remote.service.DriverCommandExecutor.execute(DriverCommandExecutor.java:83)
	at org.openqa.selenium.remote.RemoteWebDriver.execute(RemoteWebDriver.java:548)
	at org.openqa.selenium.remote.RemoteWebDriver.startSession(RemoteWebDriver.java:212)
	at org.openqa.selenium.remote.RemoteWebDriver.&lt;init&gt;(RemoteWebDriver.java:130)
	at org.openqa.selenium.firefox.FirefoxDriver.&lt;init&gt;(FirefoxDriver.java:125)
	at org.openqa.selenium.firefox.FirefoxDriver.&lt;init&gt;(FirefoxDriver.java:103)
	at net.thomasmaestas.selenium.base.BrowserDriverFactory.createDriver(BrowserDriverFactory.java:31)
	at net.thomasmaestas.selenium.base.BaseTest.setUp(BaseTest.java:24)
	at java.util.concurrent.FutureTask.run(FutureTask.java:266)
	at java.util.concurrent.ThreadPoolExecutor.runWorker(ThreadPoolExecutor.java:1149)
	at java.util.concurrent.ThreadPoolExecutor$Worker.run(ThreadPoolExecutor.java:624)
	at java.lang.Thread.run(Thread.java:748)
... Removed 23 stack frames</div></td></tr></table><p class="totop"><a href="#summary">back to summary</a></p>
<h3 id="m19">net.thomasmaestas.selenium.draganddroptests.DragAndDropTests#tearDown</h3><table class="result"><tr><th>Exception</th></tr><tr><td><div class="stacktrace">java.lang.NullPointerException
	at net.thomasmaestas.selenium.base.BaseTest.tearDown(BaseTest.java:40)
	at java.util.concurrent.FutureTask.run(FutureTask.java:266)
	at java.util.concurrent.ThreadPoolExecutor.runWorker(ThreadPoolExecutor.java:1149)
	at java.util.concurrent.ThreadPoolExecutor$Worker.run(ThreadPoolExecutor.java:624)
	at java.lang.Thread.run(Thread.java:748)
... Removed 18 stack frames</div></td></tr></table><p class="totop"><a href="#summary">back to summary</a></p>
<h3 id="m20">net.thomasmaestas.selenium.draganddroptests.DragAndDropTests#dragAToBTest</h3><table class="result"><tr><th>Exception</th></tr><tr><td><div class="stacktrace">org.openqa.selenium.WebDriverException: newSession
Build info: version: &apos;3.14.0&apos;, revision: &apos;aacccce0&apos;, time: &apos;2018-08-02T20:19:58.91Z&apos;
System info: host: &apos;LAPTOP-43MOIMNV&apos;, ip: &apos;192.168.0.10&apos;, os.name: &apos;Windows 10&apos;, os.arch: &apos;amd64&apos;, os.version: &apos;10.0&apos;, java.version: &apos;1.8.0_261&apos;
Driver info: driver.version: FirefoxDriver
remote stacktrace: WebDriverError@chrome://marionette/content/error.js:181:5
UnknownCommandError@chrome://marionette/content/error.js:477:5
despatch@chrome://marionette/content/server.js:287:13
execute@chrome://marionette/content/server.js:267:16
onPacket/&lt;@chrome://marionette/content/server.js:240:20
onPacket@chrome://marionette/content/server.js:241:9
_onJSONObjectReady/&lt;@chrome://marionette/content/transport.js:504:20

	at org.openqa.selenium.remote.W3CHandshakeResponse.lambda$new$0(W3CHandshakeResponse.java:57)
	at org.openqa.selenium.remote.W3CHandshakeResponse.lambda$getResponseFunction$2(W3CHandshakeResponse.java:104)
	at org.openqa.selenium.remote.ProtocolHandshake.lambda$createSession$0(ProtocolHandshake.java:122)
	at java.util.stream.ReferencePipeline$3$1.accept(ReferencePipeline.java:193)
	at java.util.Spliterators$ArraySpliterator.tryAdvance(Spliterators.java:958)
	at java.util.stream.ReferencePipeline.forEachWithCancel(ReferencePipeline.java:126)
	at java.util.stream.AbstractPipeline.copyIntoWithCancel(AbstractPipeline.java:499)
	at java.util.stream.AbstractPipeline.copyInto(AbstractPipeline.java:486)
	at java.util.stream.AbstractPipeline.wrapAndCopyInto(AbstractPipeline.java:472)
	at java.util.stream.FindOps$FindOp.evaluateSequential(FindOps.java:152)
	at java.util.stream.AbstractPipeline.evaluate(AbstractPipeline.java:234)
	at java.util.stream.ReferencePipeline.findFirst(ReferencePipeline.java:464)
	at org.openqa.selenium.remote.ProtocolHandshake.createSession(ProtocolHandshake.java:125)
	at org.openqa.selenium.remote.ProtocolHandshake.createSession(ProtocolHandshake.java:73)
	at org.openqa.selenium.remote.HttpCommandExecutor.execute(HttpCommandExecutor.java:136)
	at org.openqa.selenium.remote.service.DriverCommandExecutor.execute(DriverCommandExecutor.java:83)
	at org.openqa.selenium.remote.RemoteWebDriver.execute(RemoteWebDriver.java:548)
	at org.openqa.selenium.remote.RemoteWebDriver.startSession(RemoteWebDriver.java:212)
	at org.openqa.selenium.remote.RemoteWebDriver.&lt;init&gt;(RemoteWebDriver.java:130)
	at org.openqa.selenium.firefox.FirefoxDriver.&lt;init&gt;(FirefoxDriver.java:125)
	at org.openqa.selenium.firefox.FirefoxDriver.&lt;init&gt;(FirefoxDriver.java:103)
	at net.thomasmaestas.selenium.base.BrowserDriverFactory.createDriver(BrowserDriverFactory.java:31)
	at net.thomasmaestas.selenium.base.BaseTest.setUp(BaseTest.java:24)
	at java.util.concurrent.FutureTask.run(FutureTask.java:266)
	at java.util.concurrent.ThreadPoolExecutor.runWorker(ThreadPoolExecutor.java:1149)
	at java.util.concurrent.ThreadPoolExecutor$Worker.run(ThreadPoolExecutor.java:624)
	at java.lang.Thread.run(Thread.java:748)
... Removed 23 stack frames</div></td></tr></table><p class="totop"><a href="#summary">back to summary</a></p>
</body>
</html>
