<!DOCTYPE html>

<html>
  <head>
  <meta charset='utf-8'>
  <title>TestNG reports</title>

    <link type="text/css" href="testng-reports.css" rel="stylesheet" />
    <script type="text/javascript" src="jquery-1.7.1.min.js"></script>
    <script type="text/javascript" src="testng-reports.js"></script>
    <script type="text/javascript" src="https://www.google.com/jsapi"></script>
    <script type='text/javascript'>
      google.load('visualization', '1', {packages:['table']});
      google.setOnLoadCallback(drawTable);
      var suiteTableInitFunctions = new Array();
      var suiteTableData = new Array();
    </script>
    <!--
      <script type="text/javascript" src="jquery-ui/js/jquery-ui-1.8.16.custom.min.js"></script>
     -->
  </head>

  <body>
    <div class="top-banner-root">
      <span class="top-banner-title-font">Test results</span>
      <br/>
      <span class="top-banner-font-1">1 suite, 2 failed tests</span>
    </div> <!-- top-banner-root -->
    <div class="navigator-root">
      <div class="navigator-suite-header">
        <span>All suites</span>
        <a href="#" class="collapse-all-link" title="Collapse/expand all the suites">
          <img class="collapse-all-icon" src="collapseall.gif">
          </img> <!-- collapse-all-icon -->
        </a> <!-- collapse-all-link -->
      </div> <!-- navigator-suite-header -->
      <div class="suite">
        <div class="rounded-window">
          <div class="suite-header light-rounded-window-top">
            <a href="#" class="navigator-link" panel-name="suite-FullUITestSuite">
              <span class="suite-name border-failed">FullUITestSuite</span>
            </a> <!-- navigator-link -->
          </div> <!-- suite-header light-rounded-window-top -->
          <div class="navigator-suite-content">
            <div class="suite-section-title">
              <span>Info</span>
            </div> <!-- suite-section-title -->
            <div class="suite-section-content">
              <ul>
                <li>
                  <a href="#" class="navigator-link " panel-name="test-xml-FullUITestSuite">
                    <span>C:\w\www\git\CucumberFramework\SeleniumTestNG\src\test\resources\TestSuites\FullUITestSuite.xml</span>
                  </a> <!-- navigator-link  -->
                </li>
                <li>
                  <a href="#" class="navigator-link " panel-name="testlist-FullUITestSuite">
                    <span class="test-stats">12 tests</span>
                  </a> <!-- navigator-link  -->
                </li>
                <li>
                  <a href="#" class="navigator-link " panel-name="group-FullUITestSuite">
                    <span>0 groups</span>
                  </a> <!-- navigator-link  -->
                </li>
                <li>
                  <a href="#" class="navigator-link " panel-name="times-FullUITestSuite">
                    <span>Times</span>
                  </a> <!-- navigator-link  -->
                </li>
                <li>
                  <a href="#" class="navigator-link " panel-name="reporter-FullUITestSuite">
                    <span>Reporter output</span>
                  </a> <!-- navigator-link  -->
                </li>
                <li>
                  <a href="#" class="navigator-link " panel-name="ignored-methods-FullUITestSuite">
                    <span>Ignored methods</span>
                  </a> <!-- navigator-link  -->
                </li>
                <li>
                  <a href="#" class="navigator-link " panel-name="chronological-FullUITestSuite">
                    <span>Chronological view</span>
                  </a> <!-- navigator-link  -->
                </li>
              </ul>
            </div> <!-- suite-section-content -->
            <div class="result-section">
              <div class="suite-section-title">
                <span>Results</span>
              </div> <!-- suite-section-title -->
              <div class="suite-section-content">
                <ul>
                  <li>
                    <span class="method-stats">17 methods, 2 failed,  2 skipped,  13 passed</span>
                  </li>
                  <li>
                    <span class="method-list-title failed">Failed methods</span>
                    <span class="show-or-hide-methods failed">
                      <a href="#" panel-name="suite-FullUITestSuite" class="hide-methods failed suite-FullUITestSuite"> (hide)</a> <!-- hide-methods failed suite-FullUITestSuite -->
                      <a href="#" panel-name="suite-FullUITestSuite" class="show-methods failed suite-FullUITestSuite"> (show)</a> <!-- show-methods failed suite-FullUITestSuite -->
                    </span>
                    <div class="method-list-content failed suite-FullUITestSuite">
                      <span>
                        <img width="3%" src="failed.png"/>
                        <a href="#" class="method navigator-link" panel-name="suite-FullUITestSuite" title="net.thomasmaestas.selenium.alertstests.AlertsTests" hash-for-method="jsDismissTest">jsDismissTest</a> <!-- method navigator-link -->
                      </span>
                      <br/>
                      <span>
                        <img width="3%" src="failed.png"/>
                        <a href="#" class="method navigator-link" panel-name="suite-FullUITestSuite" title="net.thomasmaestas.selenium.windowstests.WindowsTests" hash-for-method="newWindowTest">newWindowTest</a> <!-- method navigator-link -->
                      </span>
                      <br/>
                    </div> <!-- method-list-content failed suite-FullUITestSuite -->
                  </li>
                  <li>
                    <span class="method-list-title skipped">Skipped methods</span>
                    <span class="show-or-hide-methods skipped">
                      <a href="#" panel-name="suite-FullUITestSuite" class="hide-methods skipped suite-FullUITestSuite"> (hide)</a> <!-- hide-methods skipped suite-FullUITestSuite -->
                      <a href="#" panel-name="suite-FullUITestSuite" class="show-methods skipped suite-FullUITestSuite"> (show)</a> <!-- show-methods skipped suite-FullUITestSuite -->
                    </span>
                    <div class="method-list-content skipped suite-FullUITestSuite">
                      <span>
                        <img width="3%" src="skipped.png"/>
                        <a href="#" class="method navigator-link" panel-name="suite-FullUITestSuite" title="net.thomasmaestas.selenium.draganddroptests.DragAndDropTests" hash-for-method="dragAToBTest">dragAToBTest</a> <!-- method navigator-link -->
                      </span>
                      <br/>
                      <span>
                        <img width="3%" src="skipped.png"/>
                        <a href="#" class="method navigator-link" panel-name="suite-FullUITestSuite" title="net.thomasmaestas.selenium.loginpagetests.NegativeLogInTests" hash-for-method="negativeTest">negativeTest</a> <!-- method navigator-link -->
                      </span>
                      <br/>
                    </div> <!-- method-list-content skipped suite-FullUITestSuite -->
                  </li>
                  <li>
                    <span class="method-list-title passed">Passed methods</span>
                    <span class="show-or-hide-methods passed">
                      <a href="#" panel-name="suite-FullUITestSuite" class="hide-methods passed suite-FullUITestSuite"> (hide)</a> <!-- hide-methods passed suite-FullUITestSuite -->
                      <a href="#" panel-name="suite-FullUITestSuite" class="show-methods passed suite-FullUITestSuite"> (show)</a> <!-- show-methods passed suite-FullUITestSuite -->
                    </span>
                    <div class="method-list-content passed suite-FullUITestSuite">
                      <span>
                        <img width="3%" src="passed.png"/>
                        <a href="#" class="method navigator-link" panel-name="suite-FullUITestSuite" title="net.thomasmaestas.selenium.editortests.EditorTests" hash-for-method="defaultEditorValueTest">defaultEditorValueTest</a> <!-- method navigator-link -->
                      </span>
                      <br/>
                      <span>
                        <img width="3%" src="passed.png"/>
                        <a href="#" class="method navigator-link" panel-name="suite-FullUITestSuite" title="net.thomasmaestas.selenium.draganddroptests.DragAndDropTests" hash-for-method="dragAToBTest">dragAToBTest</a> <!-- method navigator-link -->
                      </span>
                      <br/>
                      <span>
                        <img width="3%" src="passed.png"/>
                        <a href="#" class="method navigator-link" panel-name="suite-FullUITestSuite" title="net.thomasmaestas.selenium.uploadtests.UploadTests" hash-for-method="fileUploadTest(3, text.txt)">fileUploadTest(3, text.txt)</a> <!-- method navigator-link -->
                      </span>
                      <br/>
                      <span>
                        <img width="3%" src="passed.png"/>
                        <a href="#" class="method navigator-link" panel-name="suite-FullUITestSuite" title="net.thomasmaestas.selenium.uploadtests.UploadTests" hash-for-method="fileUploadTest(2, logo.png)">fileUploadTest(2, logo.png)</a> <!-- method navigator-link -->
                      </span>
                      <br/>
                      <span>
                        <img width="3%" src="passed.png"/>
                        <a href="#" class="method navigator-link" panel-name="suite-FullUITestSuite" title="net.thomasmaestas.selenium.uploadtests.UploadTests" hash-for-method="fileUploadTest(1, index.html)">fileUploadTest(1, index.html)</a> <!-- method navigator-link -->
                      </span>
                      <br/>
                      <span>
                        <img width="3%" src="passed.png"/>
                        <a href="#" class="method navigator-link" panel-name="suite-FullUITestSuite" title="net.thomasmaestas.selenium.alertstests.AlertsTests" hash-for-method="jsAlertTest">jsAlertTest</a> <!-- method navigator-link -->
                      </span>
                      <br/>
                      <span>
                        <img width="3%" src="passed.png"/>
                        <a href="#" class="method navigator-link" panel-name="suite-FullUITestSuite" title="net.thomasmaestas.selenium.alertstests.AlertsTests" hash-for-method="jsPromptTest">jsPromptTest</a> <!-- method navigator-link -->
                      </span>
                      <br/>
                      <span>
                        <img width="3%" src="passed.png"/>
                        <a href="#" class="method navigator-link" panel-name="suite-FullUITestSuite" title="net.thomasmaestas.selenium.loginpagetests.PositiveLogInTests" hash-for-method="logInTest">logInTest</a> <!-- method navigator-link -->
                      </span>
                      <br/>
                      <span>
                        <img width="3%" src="passed.png"/>
                        <a href="#" class="method navigator-link" panel-name="suite-FullUITestSuite" title="net.thomasmaestas.selenium.loginpagetests.NegativeLogInTests" hash-for-method="negativeTest(incorrectUsername, SuperSecretPassword!, Your username is invalid!)">negativeTest(incorrectUsername, SuperSecretPassword!, Your username is invalid!)</a> <!-- method navigator-link -->
                      </span>
                      <br/>
                      <span>
                        <img width="3%" src="passed.png"/>
                        <a href="#" class="method navigator-link" panel-name="suite-FullUITestSuite" title="net.thomasmaestas.selenium.dropdowntests.DropdownTests" hash-for-method="optionTwoTest">optionTwoTest</a> <!-- method navigator-link -->
                      </span>
                      <br/>
                      <span>
                        <img width="3%" src="passed.png"/>
                        <a href="#" class="method navigator-link" panel-name="suite-FullUITestSuite" title="net.thomasmaestas.selenium.keypressestests.KeyPressesTests" hash-for-method="pressKeyTest">pressKeyTest</a> <!-- method navigator-link -->
                      </span>
                      <br/>
                      <span>
                        <img width="3%" src="passed.png"/>
                        <a href="#" class="method navigator-link" panel-name="suite-FullUITestSuite" title="net.thomasmaestas.selenium.keypressestests.KeyPressesTests" hash-for-method="pressKeyWithActionsTest">pressKeyWithActionsTest</a> <!-- method navigator-link -->
                      </span>
                      <br/>
                      <span>
                        <img width="3%" src="passed.png"/>
                        <a href="#" class="method navigator-link" panel-name="suite-FullUITestSuite" title="net.thomasmaestas.selenium.checkboxespagetests.CheckboxesTests" hash-for-method="selectingTwoCheckboxesTest">selectingTwoCheckboxesTest</a> <!-- method navigator-link -->
                      </span>
                      <br/>
                    </div> <!-- method-list-content passed suite-FullUITestSuite -->
                  </li>
                </ul>
              </div> <!-- suite-section-content -->
            </div> <!-- result-section -->
          </div> <!-- navigator-suite-content -->
        </div> <!-- rounded-window -->
      </div> <!-- suite -->
    </div> <!-- navigator-root -->
    <div class="wrapper">
      <div class="main-panel-root">
        <div panel-name="suite-FullUITestSuite" class="panel FullUITestSuite">
          <div class="suite-FullUITestSuite-class-failed">
            <div class="main-panel-header rounded-window-top">
              <img src="failed.png"/>
              <span class="class-name">net.thomasmaestas.selenium.windowstests.WindowsTests</span>
            </div> <!-- main-panel-header rounded-window-top -->
            <div class="main-panel-content rounded-window-bottom">
              <div class="method">
                <div class="method-content">
                  <a name="newWindowTest">
                  </a> <!-- newWindowTest -->
                  <span class="method-name">newWindowTest</span>
                  <div class="stack-trace">org.openqa.selenium.TimeoutException: Expected condition failed: waiting for visibility of element located by By.linkText: Click Here (tried for 5 second(s) with 500 milliseconds interval)
	at org.openqa.selenium.support.ui.WebDriverWait.timeoutException(WebDriverWait.java:113)
	at org.openqa.selenium.support.ui.FluentWait.until(FluentWait.java:283)
	at net.thomasmaestas.selenium.pages.BasePageObject.waitFor(BasePageObject.java:78)
	at net.thomasmaestas.selenium.pages.BasePageObject.waitForVisibilityOf(BasePageObject.java:89)
	at net.thomasmaestas.selenium.pages.BasePageObject.click(BasePageObject.java:47)
	at net.thomasmaestas.selenium.pages.WindowsPage.openNewWindow(WindowsPage.java:18)
	at net.thomasmaestas.selenium.windowstests.WindowsTests.newWindowTest(WindowsTests.java:25)
	at java.util.concurrent.FutureTask.run(FutureTask.java:266)
	at java.util.concurrent.ThreadPoolExecutor.runWorker(ThreadPoolExecutor.java:1149)
	at java.util.concurrent.ThreadPoolExecutor$Worker.run(ThreadPoolExecutor.java:624)
	at java.lang.Thread.run(Thread.java:748)
Caused by: org.openqa.selenium.NoSuchElementException: Cannot locate an element using By.linkText: Click Here
For documentation on this error, please visit: http://seleniumhq.org/exceptions/no_such_element.html
Build info: version: &apos;3.14.0&apos;, revision: &apos;aacccce0&apos;, time: &apos;2018-08-02T20:19:58.91Z&apos;
System info: host: &apos;LAPTOP-43MOIMNV&apos;, ip: &apos;192.168.0.10&apos;, os.name: &apos;Windows 10&apos;, os.arch: &apos;amd64&apos;, os.version: &apos;10.0&apos;, java.version: &apos;1.8.0_261&apos;
Driver info: driver.version: unknown
	at org.openqa.selenium.support.ui.ExpectedConditions.lambda$findElement$0(ExpectedConditions.java:896)
	at java.util.Optional.orElseThrow(Optional.java:290)
	at org.openqa.selenium.support.ui.ExpectedConditions.findElement(ExpectedConditions.java:895)
	at org.openqa.selenium.support.ui.ExpectedConditions.access$000(ExpectedConditions.java:44)
	at org.openqa.selenium.support.ui.ExpectedConditions$7.apply(ExpectedConditions.java:206)
	at org.openqa.selenium.support.ui.ExpectedConditions$7.apply(ExpectedConditions.java:202)
	at org.openqa.selenium.support.ui.FluentWait.until(FluentWait.java:260)
	... 25 more
... Removed 16 stack frames
</div> <!-- stack-trace -->
                </div> <!-- method-content -->
              </div> <!-- method -->
            </div> <!-- main-panel-content rounded-window-bottom -->
          </div> <!-- suite-FullUITestSuite-class-failed -->
          <div class="suite-FullUITestSuite-class-failed">
            <div class="main-panel-header rounded-window-top">
              <img src="failed.png"/>
              <span class="class-name">net.thomasmaestas.selenium.alertstests.AlertsTests</span>
            </div> <!-- main-panel-header rounded-window-top -->
            <div class="main-panel-content rounded-window-bottom">
              <div class="method">
                <div class="method-content">
                  <a name="jsDismissTest">
                  </a> <!-- jsDismissTest -->
                  <span class="method-name">jsDismissTest</span>
                  <div class="stack-trace">org.openqa.selenium.TimeoutException: Expected condition failed: waiting for alert to be present (tried for 5 second(s) with 500 milliseconds interval)
Build info: version: &apos;3.14.0&apos;, revision: &apos;aacccce0&apos;, time: &apos;2018-08-02T20:19:58.91Z&apos;
System info: host: &apos;LAPTOP-43MOIMNV&apos;, ip: &apos;192.168.0.10&apos;, os.name: &apos;Windows 10&apos;, os.arch: &apos;amd64&apos;, os.version: &apos;10.0&apos;, java.version: &apos;1.8.0_261&apos;
Driver info: org.openqa.selenium.chrome.ChromeDriver
Capabilities {acceptInsecureCerts: false, acceptSslCerts: false, applicationCacheEnabled: false, browserConnectionEnabled: false, browserName: chrome, chrome: {chromedriverVersion: 2.38.552522 (437e6fbedfa876..., userDataDir: C:\Users\thoma\AppData\Loca...}, cssSelectorsEnabled: true, databaseEnabled: false, handlesAlerts: true, hasTouchScreen: false, javascriptEnabled: true, locationContextEnabled: true, mobileEmulationEnabled: false, nativeEvents: true, networkConnectionEnabled: false, pageLoadStrategy: normal, platform: XP, platformName: XP, rotatable: false, setWindowRect: true, takesHeapSnapshot: true, takesScreenshot: true, unexpectedAlertBehaviour: , unhandledPromptBehavior: , version: 87.0.4280.88, webStorageEnabled: true}
Session ID: 64c8435b34435b4cf0635329a2c9f689
	at org.openqa.selenium.support.ui.WebDriverWait.timeoutException(WebDriverWait.java:113)
	at org.openqa.selenium.support.ui.FluentWait.until(FluentWait.java:283)
	at net.thomasmaestas.selenium.pages.BasePageObject.switchToAlert(BasePageObject.java:101)
	at net.thomasmaestas.selenium.pages.JavaScriptAlertsPage.getAlertText(JavaScriptAlertsPage.java:40)
	at net.thomasmaestas.selenium.alertstests.AlertsTests.jsDismissTest(AlertsTests.java:61)
	at java.util.concurrent.FutureTask.run(FutureTask.java:266)
	at java.util.concurrent.ThreadPoolExecutor.runWorker(ThreadPoolExecutor.java:1149)
	at java.util.concurrent.ThreadPoolExecutor$Worker.run(ThreadPoolExecutor.java:624)
	at java.lang.Thread.run(Thread.java:748)
... Removed 16 stack frames
</div> <!-- stack-trace -->
                </div> <!-- method-content -->
              </div> <!-- method -->
            </div> <!-- main-panel-content rounded-window-bottom -->
          </div> <!-- suite-FullUITestSuite-class-failed -->
          <div class="suite-FullUITestSuite-class-skipped">
            <div class="main-panel-header rounded-window-top">
              <img src="skipped.png"/>
              <span class="class-name">net.thomasmaestas.selenium.draganddroptests.DragAndDropTests</span>
            </div> <!-- main-panel-header rounded-window-top -->
            <div class="main-panel-content rounded-window-bottom">
              <div class="method">
                <div class="method-content">
                  <a name="dragAToBTest">
                  </a> <!-- dragAToBTest -->
                  <span class="method-name">dragAToBTest</span>
                  <div class="stack-trace">org.openqa.selenium.WebDriverException: newSession
Build info: version: &apos;3.14.0&apos;, revision: &apos;aacccce0&apos;, time: &apos;2018-08-02T20:19:58.91Z&apos;
System info: host: &apos;LAPTOP-43MOIMNV&apos;, ip: &apos;192.168.0.10&apos;, os.name: &apos;Windows 10&apos;, os.arch: &apos;amd64&apos;, os.version: &apos;10.0&apos;, java.version: &apos;1.8.0_261&apos;
Driver info: driver.version: FirefoxDriver
remote stacktrace: WebDriverError@chrome://marionette/content/error.js:181:5
UnknownCommandError@chrome://marionette/content/error.js:477:5
despatch@chrome://marionette/content/server.js:287:13
execute@chrome://marionette/content/server.js:267:16
onPacket/&lt;@chrome://marionette/content/server.js:240:20
onPacket@chrome://marionette/content/server.js:241:9
_onJSONObjectReady/&lt;@chrome://marionette/content/transport.js:504:20

	at org.openqa.selenium.remote.W3CHandshakeResponse.lambda$new$0(W3CHandshakeResponse.java:57)
	at org.openqa.selenium.remote.W3CHandshakeResponse.lambda$getResponseFunction$2(W3CHandshakeResponse.java:104)
	at org.openqa.selenium.remote.ProtocolHandshake.lambda$createSession$0(ProtocolHandshake.java:122)
	at java.util.stream.ReferencePipeline$3$1.accept(ReferencePipeline.java:193)
	at java.util.Spliterators$ArraySpliterator.tryAdvance(Spliterators.java:958)
	at java.util.stream.ReferencePipeline.forEachWithCancel(ReferencePipeline.java:126)
	at java.util.stream.AbstractPipeline.copyIntoWithCancel(AbstractPipeline.java:499)
	at java.util.stream.AbstractPipeline.copyInto(AbstractPipeline.java:486)
	at java.util.stream.AbstractPipeline.wrapAndCopyInto(AbstractPipeline.java:472)
	at java.util.stream.FindOps$FindOp.evaluateSequential(FindOps.java:152)
	at java.util.stream.AbstractPipeline.evaluate(AbstractPipeline.java:234)
	at java.util.stream.ReferencePipeline.findFirst(ReferencePipeline.java:464)
	at org.openqa.selenium.remote.ProtocolHandshake.createSession(ProtocolHandshake.java:125)
	at org.openqa.selenium.remote.ProtocolHandshake.createSession(ProtocolHandshake.java:73)
	at org.openqa.selenium.remote.HttpCommandExecutor.execute(HttpCommandExecutor.java:136)
	at org.openqa.selenium.remote.service.DriverCommandExecutor.execute(DriverCommandExecutor.java:83)
	at org.openqa.selenium.remote.RemoteWebDriver.execute(RemoteWebDriver.java:548)
	at org.openqa.selenium.remote.RemoteWebDriver.startSession(RemoteWebDriver.java:212)
	at org.openqa.selenium.remote.RemoteWebDriver.&lt;init&gt;(RemoteWebDriver.java:130)
	at org.openqa.selenium.firefox.FirefoxDriver.&lt;init&gt;(FirefoxDriver.java:125)
	at org.openqa.selenium.firefox.FirefoxDriver.&lt;init&gt;(FirefoxDriver.java:103)
	at net.thomasmaestas.selenium.base.BrowserDriverFactory.createDriver(BrowserDriverFactory.java:31)
	at net.thomasmaestas.selenium.base.BaseTest.setUp(BaseTest.java:24)
	at java.util.concurrent.FutureTask.run(FutureTask.java:266)
	at java.util.concurrent.ThreadPoolExecutor.runWorker(ThreadPoolExecutor.java:1149)
	at java.util.concurrent.ThreadPoolExecutor$Worker.run(ThreadPoolExecutor.java:624)
	at java.lang.Thread.run(Thread.java:748)
... Removed 23 stack frames
</div> <!-- stack-trace -->
                </div> <!-- method-content -->
              </div> <!-- method -->
            </div> <!-- main-panel-content rounded-window-bottom -->
          </div> <!-- suite-FullUITestSuite-class-skipped -->
          <div class="suite-FullUITestSuite-class-skipped">
            <div class="main-panel-header rounded-window-top">
              <img src="skipped.png"/>
              <span class="class-name">net.thomasmaestas.selenium.loginpagetests.NegativeLogInTests</span>
            </div> <!-- main-panel-header rounded-window-top -->
            <div class="main-panel-content rounded-window-bottom">
              <div class="method">
                <div class="method-content">
                  <a name="negativeTest">
                  </a> <!-- negativeTest -->
                  <span class="method-name">negativeTest</span>
                  <div class="stack-trace">org.openqa.selenium.WebDriverException: newSession
Build info: version: &apos;3.14.0&apos;, revision: &apos;aacccce0&apos;, time: &apos;2018-08-02T20:19:58.91Z&apos;
System info: host: &apos;LAPTOP-43MOIMNV&apos;, ip: &apos;192.168.0.10&apos;, os.name: &apos;Windows 10&apos;, os.arch: &apos;amd64&apos;, os.version: &apos;10.0&apos;, java.version: &apos;1.8.0_261&apos;
Driver info: driver.version: FirefoxDriver
remote stacktrace: WebDriverError@chrome://marionette/content/error.js:181:5
UnknownCommandError@chrome://marionette/content/error.js:477:5
despatch@chrome://marionette/content/server.js:287:13
execute@chrome://marionette/content/server.js:267:16
onPacket/&lt;@chrome://marionette/content/server.js:240:20
onPacket@chrome://marionette/content/server.js:241:9
_onJSONObjectReady/&lt;@chrome://marionette/content/transport.js:504:20

	at org.openqa.selenium.remote.W3CHandshakeResponse.lambda$new$0(W3CHandshakeResponse.java:57)
	at org.openqa.selenium.remote.W3CHandshakeResponse.lambda$getResponseFunction$2(W3CHandshakeResponse.java:104)
	at org.openqa.selenium.remote.ProtocolHandshake.lambda$createSession$0(ProtocolHandshake.java:122)
	at java.util.stream.ReferencePipeline$3$1.accept(ReferencePipeline.java:193)
	at java.util.Spliterators$ArraySpliterator.tryAdvance(Spliterators.java:958)
	at java.util.stream.ReferencePipeline.forEachWithCancel(ReferencePipeline.java:126)
	at java.util.stream.AbstractPipeline.copyIntoWithCancel(AbstractPipeline.java:499)
	at java.util.stream.AbstractPipeline.copyInto(AbstractPipeline.java:486)
	at java.util.stream.AbstractPipeline.wrapAndCopyInto(AbstractPipeline.java:472)
	at java.util.stream.FindOps$FindOp.evaluateSequential(FindOps.java:152)
	at java.util.stream.AbstractPipeline.evaluate(AbstractPipeline.java:234)
	at java.util.stream.ReferencePipeline.findFirst(ReferencePipeline.java:464)
	at org.openqa.selenium.remote.ProtocolHandshake.createSession(ProtocolHandshake.java:125)
	at org.openqa.selenium.remote.ProtocolHandshake.createSession(ProtocolHandshake.java:73)
	at org.openqa.selenium.remote.HttpCommandExecutor.execute(HttpCommandExecutor.java:136)
	at org.openqa.selenium.remote.service.DriverCommandExecutor.execute(DriverCommandExecutor.java:83)
	at org.openqa.selenium.remote.RemoteWebDriver.execute(RemoteWebDriver.java:548)
	at org.openqa.selenium.remote.RemoteWebDriver.startSession(RemoteWebDriver.java:212)
	at org.openqa.selenium.remote.RemoteWebDriver.&lt;init&gt;(RemoteWebDriver.java:130)
	at org.openqa.selenium.firefox.FirefoxDriver.&lt;init&gt;(FirefoxDriver.java:125)
	at org.openqa.selenium.firefox.FirefoxDriver.&lt;init&gt;(FirefoxDriver.java:103)
	at net.thomasmaestas.selenium.base.BrowserDriverFactory.createDriver(BrowserDriverFactory.java:31)
	at net.thomasmaestas.selenium.base.BaseTest.setUp(BaseTest.java:24)
	at java.util.concurrent.FutureTask.run(FutureTask.java:266)
	at java.util.concurrent.ThreadPoolExecutor.runWorker(ThreadPoolExecutor.java:1149)
	at java.util.concurrent.ThreadPoolExecutor$Worker.run(ThreadPoolExecutor.java:624)
	at java.lang.Thread.run(Thread.java:748)
... Removed 23 stack frames
</div> <!-- stack-trace -->
                </div> <!-- method-content -->
              </div> <!-- method -->
            </div> <!-- main-panel-content rounded-window-bottom -->
          </div> <!-- suite-FullUITestSuite-class-skipped -->
          <div class="suite-FullUITestSuite-class-passed">
            <div class="main-panel-header rounded-window-top">
              <img src="passed.png"/>
              <span class="class-name">net.thomasmaestas.selenium.keypressestests.KeyPressesTests</span>
            </div> <!-- main-panel-header rounded-window-top -->
            <div class="main-panel-content rounded-window-bottom">
              <div class="method">
                <div class="method-content">
                  <a name="pressKeyTest">
                  </a> <!-- pressKeyTest -->
                  <span class="method-name">pressKeyTest</span>
                </div> <!-- method-content -->
              </div> <!-- method -->
              <div class="method">
                <div class="method-content">
                  <a name="pressKeyWithActionsTest">
                  </a> <!-- pressKeyWithActionsTest -->
                  <span class="method-name">pressKeyWithActionsTest</span>
                </div> <!-- method-content -->
              </div> <!-- method -->
            </div> <!-- main-panel-content rounded-window-bottom -->
          </div> <!-- suite-FullUITestSuite-class-passed -->
          <div class="suite-FullUITestSuite-class-passed">
            <div class="main-panel-header rounded-window-top">
              <img src="passed.png"/>
              <span class="class-name">net.thomasmaestas.selenium.checkboxespagetests.CheckboxesTests</span>
            </div> <!-- main-panel-header rounded-window-top -->
            <div class="main-panel-content rounded-window-bottom">
              <div class="method">
                <div class="method-content">
                  <a name="selectingTwoCheckboxesTest">
                  </a> <!-- selectingTwoCheckboxesTest -->
                  <span class="method-name">selectingTwoCheckboxesTest</span>
                </div> <!-- method-content -->
              </div> <!-- method -->
            </div> <!-- main-panel-content rounded-window-bottom -->
          </div> <!-- suite-FullUITestSuite-class-passed -->
          <div class="suite-FullUITestSuite-class-passed">
            <div class="main-panel-header rounded-window-top">
              <img src="passed.png"/>
              <span class="class-name">net.thomasmaestas.selenium.loginpagetests.PositiveLogInTests</span>
            </div> <!-- main-panel-header rounded-window-top -->
            <div class="main-panel-content rounded-window-bottom">
              <div class="method">
                <div class="method-content">
                  <a name="logInTest">
                  </a> <!-- logInTest -->
                  <span class="method-name">logInTest</span>
                </div> <!-- method-content -->
              </div> <!-- method -->
            </div> <!-- main-panel-content rounded-window-bottom -->
          </div> <!-- suite-FullUITestSuite-class-passed -->
          <div class="suite-FullUITestSuite-class-passed">
            <div class="main-panel-header rounded-window-top">
              <img src="passed.png"/>
              <span class="class-name">net.thomasmaestas.selenium.alertstests.AlertsTests</span>
            </div> <!-- main-panel-header rounded-window-top -->
            <div class="main-panel-content rounded-window-bottom">
              <div class="method">
                <div class="method-content">
                  <a name="jsAlertTest">
                  </a> <!-- jsAlertTest -->
                  <span class="method-name">jsAlertTest</span>
                </div> <!-- method-content -->
              </div> <!-- method -->
              <div class="method">
                <div class="method-content">
                  <a name="jsPromptTest">
                  </a> <!-- jsPromptTest -->
                  <span class="method-name">jsPromptTest</span>
                </div> <!-- method-content -->
              </div> <!-- method -->
            </div> <!-- main-panel-content rounded-window-bottom -->
          </div> <!-- suite-FullUITestSuite-class-passed -->
          <div class="suite-FullUITestSuite-class-passed">
            <div class="main-panel-header rounded-window-top">
              <img src="passed.png"/>
              <span class="class-name">net.thomasmaestas.selenium.draganddroptests.DragAndDropTests</span>
            </div> <!-- main-panel-header rounded-window-top -->
            <div class="main-panel-content rounded-window-bottom">
              <div class="method">
                <div class="method-content">
                  <a name="dragAToBTest">
                  </a> <!-- dragAToBTest -->
                  <span class="method-name">dragAToBTest</span>
                </div> <!-- method-content -->
              </div> <!-- method -->
            </div> <!-- main-panel-content rounded-window-bottom -->
          </div> <!-- suite-FullUITestSuite-class-passed -->
          <div class="suite-FullUITestSuite-class-passed">
            <div class="main-panel-header rounded-window-top">
              <img src="passed.png"/>
              <span class="class-name">net.thomasmaestas.selenium.editortests.EditorTests</span>
            </div> <!-- main-panel-header rounded-window-top -->
            <div class="main-panel-content rounded-window-bottom">
              <div class="method">
                <div class="method-content">
                  <a name="defaultEditorValueTest">
                  </a> <!-- defaultEditorValueTest -->
                  <span class="method-name">defaultEditorValueTest</span>
                </div> <!-- method-content -->
              </div> <!-- method -->
            </div> <!-- main-panel-content rounded-window-bottom -->
          </div> <!-- suite-FullUITestSuite-class-passed -->
          <div class="suite-FullUITestSuite-class-passed">
            <div class="main-panel-header rounded-window-top">
              <img src="passed.png"/>
              <span class="class-name">net.thomasmaestas.selenium.loginpagetests.NegativeLogInTests</span>
            </div> <!-- main-panel-header rounded-window-top -->
            <div class="main-panel-content rounded-window-bottom">
              <div class="method">
                <div class="method-content">
                  <a name="negativeTest(incorrectUsername, SuperSecretPassword!, Your username is invalid!)">
                  </a> <!-- negativeTest(incorrectUsername, SuperSecretPassword!, Your username is invalid!) -->
                  <span class="method-name">negativeTest</span>
                  <span class="parameters">(incorrectUsername, SuperSecretPassword!, Your username is invalid!)</span>
                </div> <!-- method-content -->
              </div> <!-- method -->
            </div> <!-- main-panel-content rounded-window-bottom -->
          </div> <!-- suite-FullUITestSuite-class-passed -->
          <div class="suite-FullUITestSuite-class-passed">
            <div class="main-panel-header rounded-window-top">
              <img src="passed.png"/>
              <span class="class-name">net.thomasmaestas.selenium.uploadtests.UploadTests</span>
            </div> <!-- main-panel-header rounded-window-top -->
            <div class="main-panel-content rounded-window-bottom">
              <div class="method">
                <div class="method-content">
                  <a name="fileUploadTest(3, text.txt)">
                  </a> <!-- fileUploadTest(3, text.txt) -->
                  <span class="method-name">fileUploadTest</span>
                  <span class="parameters">(3, text.txt)</span>
                </div> <!-- method-content -->
              </div> <!-- method -->
              <div class="method">
                <div class="method-content">
                  <a name="fileUploadTest(2, logo.png)">
                  </a> <!-- fileUploadTest(2, logo.png) -->
                  <span class="method-name">fileUploadTest</span>
                  <span class="parameters">(2, logo.png)</span>
                </div> <!-- method-content -->
              </div> <!-- method -->
              <div class="method">
                <div class="method-content">
                  <a name="fileUploadTest(1, index.html)">
                  </a> <!-- fileUploadTest(1, index.html) -->
                  <span class="method-name">fileUploadTest</span>
                  <span class="parameters">(1, index.html)</span>
                </div> <!-- method-content -->
              </div> <!-- method -->
            </div> <!-- main-panel-content rounded-window-bottom -->
          </div> <!-- suite-FullUITestSuite-class-passed -->
          <div class="suite-FullUITestSuite-class-passed">
            <div class="main-panel-header rounded-window-top">
              <img src="passed.png"/>
              <span class="class-name">net.thomasmaestas.selenium.dropdowntests.DropdownTests</span>
            </div> <!-- main-panel-header rounded-window-top -->
            <div class="main-panel-content rounded-window-bottom">
              <div class="method">
                <div class="method-content">
                  <a name="optionTwoTest">
                  </a> <!-- optionTwoTest -->
                  <span class="method-name">optionTwoTest</span>
                </div> <!-- method-content -->
              </div> <!-- method -->
            </div> <!-- main-panel-content rounded-window-bottom -->
          </div> <!-- suite-FullUITestSuite-class-passed -->
        </div> <!-- panel FullUITestSuite -->
        <div panel-name="test-xml-FullUITestSuite" class="panel">
          <div class="main-panel-header rounded-window-top">
            <span class="header-content">C:\w\www\git\CucumberFramework\SeleniumTestNG\src\test\resources\TestSuites\FullUITestSuite.xml</span>
          </div> <!-- main-panel-header rounded-window-top -->
          <div class="main-panel-content rounded-window-bottom">
            <pre>
&lt;?xml version=&quot;1.0&quot; encoding=&quot;UTF-8&quot;?&gt;
&lt;!DOCTYPE suite SYSTEM &quot;http://testng.org/testng-1.0.dtd&quot;&gt;
&lt;suite thread-count=&quot;4&quot; guice-stage=&quot;DEVELOPMENT&quot; name=&quot;FullUITestSuite&quot; parallel=&quot;tests&quot;&gt;
  &lt;test thread-count=&quot;4&quot; name=&quot;PositiveLogInTest-CH&quot; parallel=&quot;tests&quot;&gt;
    &lt;parameter name=&quot;browser&quot; value=&quot;chrome&quot;/&gt;
    &lt;classes&gt;
      &lt;class name=&quot;net.thomasmaestas.selenium.loginpagetests.PositiveLogInTests&quot;/&gt;
    &lt;/classes&gt;
  &lt;/test&gt; &lt;!-- PositiveLogInTest-CH --&gt;
  &lt;test thread-count=&quot;4&quot; name=&quot;NegativeUsernameTest-CH&quot; parallel=&quot;tests&quot;&gt;
    &lt;parameter name=&quot;password&quot; value=&quot;SuperSecretPassword!&quot;/&gt;
    &lt;parameter name=&quot;browser&quot; value=&quot;chrome&quot;/&gt;
    &lt;parameter name=&quot;expectedMessage&quot; value=&quot;Your username is invalid!&quot;/&gt;
    &lt;parameter name=&quot;username&quot; value=&quot;incorrectUsername&quot;/&gt;
    &lt;classes&gt;
      &lt;class name=&quot;net.thomasmaestas.selenium.loginpagetests.NegativeLogInTests&quot;/&gt;
    &lt;/classes&gt;
  &lt;/test&gt; &lt;!-- NegativeUsernameTest-CH --&gt;
  &lt;test thread-count=&quot;4&quot; name=&quot;NegativePasswordTest-FF&quot; parallel=&quot;tests&quot;&gt;
    &lt;parameter name=&quot;password&quot; value=&quot;incorrectPassword&quot;/&gt;
    &lt;parameter name=&quot;browser&quot; value=&quot;firefox&quot;/&gt;
    &lt;parameter name=&quot;expectedMessage&quot; value=&quot;Your password is invalid!&quot;/&gt;
    &lt;parameter name=&quot;username&quot; value=&quot;tomsmith&quot;/&gt;
    &lt;classes&gt;
      &lt;class name=&quot;net.thomasmaestas.selenium.loginpagetests.NegativeLogInTests&quot;/&gt;
    &lt;/classes&gt;
  &lt;/test&gt; &lt;!-- NegativePasswordTest-FF --&gt;
  &lt;test thread-count=&quot;4&quot; name=&quot;CheckboxesTests&quot; parallel=&quot;tests&quot;&gt;
    &lt;classes&gt;
      &lt;class name=&quot;net.thomasmaestas.selenium.checkboxespagetests.CheckboxesTests&quot;/&gt;
    &lt;/classes&gt;
  &lt;/test&gt; &lt;!-- CheckboxesTests --&gt;
  &lt;test thread-count=&quot;4&quot; name=&quot;DropdownTests&quot; parallel=&quot;tests&quot;&gt;
    &lt;classes&gt;
      &lt;class name=&quot;net.thomasmaestas.selenium.dropdowntests.DropdownTests&quot;/&gt;
    &lt;/classes&gt;
  &lt;/test&gt; &lt;!-- DropdownTests --&gt;
  &lt;test thread-count=&quot;4&quot; name=&quot;AlertsTests&quot; parallel=&quot;tests&quot;&gt;
    &lt;classes&gt;
      &lt;class name=&quot;net.thomasmaestas.selenium.alertstests.AlertsTests&quot;/&gt;
    &lt;/classes&gt;
  &lt;/test&gt; &lt;!-- AlertsTests --&gt;
  &lt;test thread-count=&quot;4&quot; name=&quot;WindowsTests&quot; parallel=&quot;tests&quot;&gt;
    &lt;classes&gt;
      &lt;class name=&quot;net.thomasmaestas.selenium.windowstests.WindowsTests&quot;/&gt;
    &lt;/classes&gt;
  &lt;/test&gt; &lt;!-- WindowsTests --&gt;
  &lt;test thread-count=&quot;4&quot; name=&quot;EditorTests&quot; parallel=&quot;tests&quot;&gt;
    &lt;classes&gt;
      &lt;class name=&quot;net.thomasmaestas.selenium.editortests.EditorTests&quot;/&gt;
    &lt;/classes&gt;
  &lt;/test&gt; &lt;!-- EditorTests --&gt;
  &lt;test thread-count=&quot;4&quot; name=&quot;KeyPressesTests&quot; parallel=&quot;tests&quot;&gt;
    &lt;classes&gt;
      &lt;class name=&quot;net.thomasmaestas.selenium.keypressestests.KeyPressesTests&quot;/&gt;
    &lt;/classes&gt;
  &lt;/test&gt; &lt;!-- KeyPressesTests --&gt;
  &lt;test thread-count=&quot;4&quot; name=&quot;UploadTests&quot; parallel=&quot;tests&quot;&gt;
    &lt;classes&gt;
      &lt;class name=&quot;net.thomasmaestas.selenium.uploadtests.UploadTests&quot;/&gt;
    &lt;/classes&gt;
  &lt;/test&gt; &lt;!-- UploadTests --&gt;
  &lt;test thread-count=&quot;4&quot; name=&quot;DragAndDropTests-CH&quot; parallel=&quot;tests&quot;&gt;
    &lt;parameter name=&quot;browser&quot; value=&quot;chrome&quot;/&gt;
    &lt;classes&gt;
      &lt;class name=&quot;net.thomasmaestas.selenium.draganddroptests.DragAndDropTests&quot;/&gt;
    &lt;/classes&gt;
  &lt;/test&gt; &lt;!-- DragAndDropTests-CH --&gt;
  &lt;test thread-count=&quot;4&quot; name=&quot;DragAndDropTests-FF&quot; parallel=&quot;tests&quot;&gt;
    &lt;parameter name=&quot;browser&quot; value=&quot;firefox&quot;/&gt;
    &lt;classes&gt;
      &lt;class name=&quot;net.thomasmaestas.selenium.draganddroptests.DragAndDropTests&quot;/&gt;
    &lt;/classes&gt;
  &lt;/test&gt; &lt;!-- DragAndDropTests-FF --&gt;
&lt;/suite&gt; &lt;!-- FullUITestSuite --&gt;
            </pre>
          </div> <!-- main-panel-content rounded-window-bottom -->
        </div> <!-- panel -->
        <div panel-name="testlist-FullUITestSuite" class="panel">
          <div class="main-panel-header rounded-window-top">
            <span class="header-content">Tests for FullUITestSuite</span>
          </div> <!-- main-panel-header rounded-window-top -->
          <div class="main-panel-content rounded-window-bottom">
            <ul>
              <li>
                <span class="test-name">PositiveLogInTest-CH (1 class)</span>
              </li>
              <li>
                <span class="test-name">NegativeUsernameTest-CH (1 class)</span>
              </li>
              <li>
                <span class="test-name">NegativePasswordTest-FF (1 class)</span>
              </li>
              <li>
                <span class="test-name">CheckboxesTests (1 class)</span>
              </li>
              <li>
                <span class="test-name">DropdownTests (1 class)</span>
              </li>
              <li>
                <span class="test-name">AlertsTests (1 class)</span>
              </li>
              <li>
                <span class="test-name">WindowsTests (1 class)</span>
              </li>
              <li>
                <span class="test-name">EditorTests (1 class)</span>
              </li>
              <li>
                <span class="test-name">KeyPressesTests (1 class)</span>
              </li>
              <li>
                <span class="test-name">UploadTests (1 class)</span>
              </li>
              <li>
                <span class="test-name">DragAndDropTests-CH (1 class)</span>
              </li>
              <li>
                <span class="test-name">DragAndDropTests-FF (1 class)</span>
              </li>
            </ul>
          </div> <!-- main-panel-content rounded-window-bottom -->
        </div> <!-- panel -->
        <div panel-name="group-FullUITestSuite" class="panel">
          <div class="main-panel-header rounded-window-top">
            <span class="header-content">Groups for FullUITestSuite</span>
          </div> <!-- main-panel-header rounded-window-top -->
          <div class="main-panel-content rounded-window-bottom">
          </div> <!-- main-panel-content rounded-window-bottom -->
        </div> <!-- panel -->
        <div panel-name="times-FullUITestSuite" class="panel">
          <div class="main-panel-header rounded-window-top">
            <span class="header-content">Times for FullUITestSuite</span>
          </div> <!-- main-panel-header rounded-window-top -->
          <div class="main-panel-content rounded-window-bottom">
            <div class="times-div">
              <script type="text/javascript">
suiteTableInitFunctions.push('tableData_FullUITestSuite');
function tableData_FullUITestSuite() {
var data = new google.visualization.DataTable();
data.addColumn('number', 'Number');
data.addColumn('string', 'Method');
data.addColumn('string', 'Class');
data.addColumn('number', 'Time (ms)');
data.addRows(17);
data.setCell(0, 0, 0)
data.setCell(0, 1, 'jsDismissTest')
data.setCell(0, 2, 'net.thomasmaestas.selenium.alertstests.AlertsTests')
data.setCell(0, 3, 16593);
data.setCell(1, 0, 1)
data.setCell(1, 1, 'defaultEditorValueTest')
data.setCell(1, 2, 'net.thomasmaestas.selenium.editortests.EditorTests')
data.setCell(1, 3, 12762);
data.setCell(2, 0, 2)
data.setCell(2, 1, 'newWindowTest')
data.setCell(2, 2, 'net.thomasmaestas.selenium.windowstests.WindowsTests')
data.setCell(2, 3, 9988);
data.setCell(3, 0, 3)
data.setCell(3, 1, 'optionTwoTest')
data.setCell(3, 2, 'net.thomasmaestas.selenium.dropdowntests.DropdownTests')
data.setCell(3, 3, 8883);
data.setCell(4, 0, 4)
data.setCell(4, 1, 'fileUploadTest')
data.setCell(4, 2, 'net.thomasmaestas.selenium.uploadtests.UploadTests')
data.setCell(4, 3, 8176);
data.setCell(5, 0, 5)
data.setCell(5, 1, 'logInTest')
data.setCell(5, 2, 'net.thomasmaestas.selenium.loginpagetests.PositiveLogInTests')
data.setCell(5, 3, 6587);
data.setCell(6, 0, 6)
data.setCell(6, 1, 'jsPromptTest')
data.setCell(6, 2, 'net.thomasmaestas.selenium.alertstests.AlertsTests')
data.setCell(6, 3, 5235);
data.setCell(7, 0, 7)
data.setCell(7, 1, 'selectingTwoCheckboxesTest')
data.setCell(7, 2, 'net.thomasmaestas.selenium.checkboxespagetests.CheckboxesTests')
data.setCell(7, 3, 4724);
data.setCell(8, 0, 8)
data.setCell(8, 1, 'jsAlertTest')
data.setCell(8, 2, 'net.thomasmaestas.selenium.alertstests.AlertsTests')
data.setCell(8, 3, 3782);
data.setCell(9, 0, 9)
data.setCell(9, 1, 'negativeTest')
data.setCell(9, 2, 'net.thomasmaestas.selenium.loginpagetests.NegativeLogInTests')
data.setCell(9, 3, 3054);
data.setCell(10, 0, 10)
data.setCell(10, 1, 'fileUploadTest')
data.setCell(10, 2, 'net.thomasmaestas.selenium.uploadtests.UploadTests')
data.setCell(10, 3, 2833);
data.setCell(11, 0, 11)
data.setCell(11, 1, 'fileUploadTest')
data.setCell(11, 2, 'net.thomasmaestas.selenium.uploadtests.UploadTests')
data.setCell(11, 3, 2074);
data.setCell(12, 0, 12)
data.setCell(12, 1, 'pressKeyWithActionsTest')
data.setCell(12, 2, 'net.thomasmaestas.selenium.keypressestests.KeyPressesTests')
data.setCell(12, 3, 1351);
data.setCell(13, 0, 13)
data.setCell(13, 1, 'dragAToBTest')
data.setCell(13, 2, 'net.thomasmaestas.selenium.draganddroptests.DragAndDropTests')
data.setCell(13, 3, 1072);
data.setCell(14, 0, 14)
data.setCell(14, 1, 'pressKeyTest')
data.setCell(14, 2, 'net.thomasmaestas.selenium.keypressestests.KeyPressesTests')
data.setCell(14, 3, 1050);
data.setCell(15, 0, 15)
data.setCell(15, 1, 'negativeTest')
data.setCell(15, 2, 'net.thomasmaestas.selenium.loginpagetests.NegativeLogInTests')
data.setCell(15, 3, 0);
data.setCell(16, 0, 16)
data.setCell(16, 1, 'dragAToBTest')
data.setCell(16, 2, 'net.thomasmaestas.selenium.draganddroptests.DragAndDropTests')
data.setCell(16, 3, 0);
window.suiteTableData['FullUITestSuite']= { tableData: data, tableDiv: 'times-div-FullUITestSuite'}
return data;
}
              </script>
              <span class="suite-total-time">Total running time: 1 minutes</span>
              <div id="times-div-FullUITestSuite">
              </div> <!-- times-div-FullUITestSuite -->
            </div> <!-- times-div -->
          </div> <!-- main-panel-content rounded-window-bottom -->
        </div> <!-- panel -->
        <div panel-name="reporter-FullUITestSuite" class="panel">
          <div class="main-panel-header rounded-window-top">
            <span class="header-content">Reporter output for FullUITestSuite</span>
          </div> <!-- main-panel-header rounded-window-top -->
          <div class="main-panel-content rounded-window-bottom">
          </div> <!-- main-panel-content rounded-window-bottom -->
        </div> <!-- panel -->
        <div panel-name="ignored-methods-FullUITestSuite" class="panel">
          <div class="main-panel-header rounded-window-top">
            <span class="header-content">0 ignored methods</span>
          </div> <!-- main-panel-header rounded-window-top -->
          <div class="main-panel-content rounded-window-bottom">
          </div> <!-- main-panel-content rounded-window-bottom -->
        </div> <!-- panel -->
        <div panel-name="chronological-FullUITestSuite" class="panel">
          <div class="main-panel-header rounded-window-top">
            <span class="header-content">Methods in chronological order</span>
          </div> <!-- main-panel-header rounded-window-top -->
          <div class="main-panel-content rounded-window-bottom">
            <div class="chronological-class">
              <div class="chronological-class-name">net.thomasmaestas.selenium.loginpagetests.NegativeLogInTests</div> <!-- chronological-class-name -->
              <div class="test-method">
                <span class="method-name">negativeTest</span>
                <span class="method-start">0 ms</span>
              </div> <!-- test-method -->
            </div> <!-- chronological-class -->
            <div class="chronological-class">
              <div class="chronological-class-name">net.thomasmaestas.selenium.draganddroptests.DragAndDropTests</div> <!-- chronological-class-name -->
              <div class="test-method">
                <span class="method-name">dragAToBTest</span>
                <span class="method-start">0 ms</span>
              </div> <!-- test-method -->
            </div> <!-- chronological-class -->
            <div class="chronological-class">
              <div class="chronological-class-name">net.thomasmaestas.selenium.loginpagetests.NegativeLogInTests</div> <!-- chronological-class-name -->
              <div class="configuration-method before">
                <span class="method-name">setUp(chrome, org.testng.TestRunner@4f970963)</span>
                <span class="method-start">0 ms</span>
              </div> <!-- configuration-method before -->
            </div> <!-- chronological-class -->
            <div class="chronological-class">
              <div class="chronological-class-name">net.thomasmaestas.selenium.checkboxespagetests.CheckboxesTests</div> <!-- chronological-class-name -->
              <div class="configuration-method before">
                <span class="method-name">setUp(chrome, org.testng.TestRunner@61f8bee4)</span>
                <span class="method-start">0 ms</span>
              </div> <!-- configuration-method before -->
            </div> <!-- chronological-class -->
            <div class="chronological-class">
              <div class="chronological-class-name">net.thomasmaestas.selenium.loginpagetests.PositiveLogInTests</div> <!-- chronological-class-name -->
              <div class="configuration-method before">
                <span class="method-name">setUp(chrome, org.testng.TestRunner@7b49cea0)</span>
                <span class="method-start">0 ms</span>
              </div> <!-- configuration-method before -->
            </div> <!-- chronological-class -->
            <div class="chronological-class">
              <div class="chronological-class-name">net.thomasmaestas.selenium.loginpagetests.NegativeLogInTests</div> <!-- chronological-class-name -->
              <div class="configuration-method before">
                <img src="failed.png">
                </img>
                <span class="method-name">setUp(firefox, org.testng.TestRunner@1ca17b91)</span>
                <span class="method-start">0 ms</span>
              </div> <!-- configuration-method before -->
            </div> <!-- chronological-class -->
            <div class="chronological-class">
              <div class="chronological-class-name">net.thomasmaestas.selenium.checkboxespagetests.CheckboxesTests</div> <!-- chronological-class-name -->
              <div class="test-method">
                <span class="method-name">selectingTwoCheckboxesTest</span>
                <span class="method-start">10541 ms</span>
              </div> <!-- test-method -->
            </div> <!-- chronological-class -->
            <div class="chronological-class">
              <div class="chronological-class-name">net.thomasmaestas.selenium.loginpagetests.PositiveLogInTests</div> <!-- chronological-class-name -->
              <div class="test-method">
                <span class="method-name">logInTest</span>
                <span class="method-start">10544 ms</span>
              </div> <!-- test-method -->
            </div> <!-- chronological-class -->
            <div class="chronological-class">
              <div class="chronological-class-name">net.thomasmaestas.selenium.loginpagetests.NegativeLogInTests</div> <!-- chronological-class-name -->
              <div class="test-method">
                <span class="method-name">negativeTest(incorrectUsername, SuperSecretPassword!, Your username is invalid!)</span>
                <span class="method-start">11307 ms</span>
              </div> <!-- test-method -->
              <div class="configuration-method after">
                <span class="method-name">tearDown</span>
                <span class="method-start">14363 ms</span>
              </div> <!-- configuration-method after -->
            </div> <!-- chronological-class -->
            <div class="chronological-class">
              <div class="chronological-class-name">net.thomasmaestas.selenium.checkboxespagetests.CheckboxesTests</div> <!-- chronological-class-name -->
              <div class="configuration-method after">
                <span class="method-name">tearDown</span>
                <span class="method-start">15267 ms</span>
              </div> <!-- configuration-method after -->
            </div> <!-- chronological-class -->
            <div class="chronological-class">
              <div class="chronological-class-name">net.thomasmaestas.selenium.loginpagetests.PositiveLogInTests</div> <!-- chronological-class-name -->
              <div class="configuration-method after">
                <span class="method-name">tearDown</span>
                <span class="method-start">17133 ms</span>
              </div> <!-- configuration-method after -->
            </div> <!-- chronological-class -->
            <div class="chronological-class">
              <div class="chronological-class-name">net.thomasmaestas.selenium.dropdowntests.DropdownTests</div> <!-- chronological-class-name -->
              <div class="configuration-method before">
                <span class="method-name">setUp(chrome, org.testng.TestRunner@887af79)</span>
                <span class="method-start">17302 ms</span>
              </div> <!-- configuration-method before -->
            </div> <!-- chronological-class -->
            <div class="chronological-class">
              <div class="chronological-class-name">net.thomasmaestas.selenium.alertstests.AlertsTests</div> <!-- chronological-class-name -->
              <div class="configuration-method before">
                <span class="method-name">setUp(chrome, org.testng.TestRunner@23e028a9)</span>
                <span class="method-start">20077 ms</span>
              </div> <!-- configuration-method before -->
            </div> <!-- chronological-class -->
            <div class="chronological-class">
              <div class="chronological-class-name">net.thomasmaestas.selenium.windowstests.WindowsTests</div> <!-- chronological-class-name -->
              <div class="configuration-method before">
                <span class="method-name">setUp(chrome, org.testng.TestRunner@7fac631b)</span>
                <span class="method-start">20084 ms</span>
              </div> <!-- configuration-method before -->
            </div> <!-- chronological-class -->
            <div class="chronological-class">
              <div class="chronological-class-name">net.thomasmaestas.selenium.dropdowntests.DropdownTests</div> <!-- chronological-class-name -->
              <div class="test-method">
                <span class="method-name">optionTwoTest</span>
                <span class="method-start">26108 ms</span>
              </div> <!-- test-method -->
            </div> <!-- chronological-class -->
            <div class="chronological-class">
              <div class="chronological-class-name">net.thomasmaestas.selenium.windowstests.WindowsTests</div> <!-- chronological-class-name -->
              <div class="test-method">
                <img src="failed.png">
                </img>
                <span class="method-name">newWindowTest</span>
                <span class="method-start">28938 ms</span>
              </div> <!-- test-method -->
            </div> <!-- chronological-class -->
            <div class="chronological-class">
              <div class="chronological-class-name">net.thomasmaestas.selenium.alertstests.AlertsTests</div> <!-- chronological-class-name -->
              <div class="test-method">
                <span class="method-name">jsAlertTest</span>
                <span class="method-start">29633 ms</span>
              </div> <!-- test-method -->
              <div class="configuration-method after">
                <span class="method-name">tearDown</span>
                <span class="method-start">33416 ms</span>
              </div> <!-- configuration-method after -->
              <div class="configuration-method before">
                <span class="method-name">setUp(chrome, org.testng.TestRunner@23e028a9)</span>
                <span class="method-start">34754 ms</span>
              </div> <!-- configuration-method before -->
            </div> <!-- chronological-class -->
            <div class="chronological-class">
              <div class="chronological-class-name">net.thomasmaestas.selenium.dropdowntests.DropdownTests</div> <!-- chronological-class-name -->
              <div class="configuration-method after">
                <span class="method-name">tearDown</span>
                <span class="method-start">34992 ms</span>
              </div> <!-- configuration-method after -->
            </div> <!-- chronological-class -->
            <div class="chronological-class">
              <div class="chronological-class-name">net.thomasmaestas.selenium.editortests.EditorTests</div> <!-- chronological-class-name -->
              <div class="configuration-method before">
                <span class="method-name">setUp(chrome, org.testng.TestRunner@5bc79255)</span>
                <span class="method-start">36381 ms</span>
              </div> <!-- configuration-method before -->
            </div> <!-- chronological-class -->
            <div class="chronological-class">
              <div class="chronological-class-name">net.thomasmaestas.selenium.windowstests.WindowsTests</div> <!-- chronological-class-name -->
              <div class="configuration-method after">
                <span class="method-name">tearDown</span>
                <span class="method-start">38929 ms</span>
              </div> <!-- configuration-method after -->
            </div> <!-- chronological-class -->
            <div class="chronological-class">
              <div class="chronological-class-name">net.thomasmaestas.selenium.keypressestests.KeyPressesTests</div> <!-- chronological-class-name -->
              <div class="configuration-method before">
                <span class="method-name">setUp(chrome, org.testng.TestRunner@47ef968d)</span>
                <span class="method-start">41233 ms</span>
              </div> <!-- configuration-method before -->
            </div> <!-- chronological-class -->
            <div class="chronological-class">
              <div class="chronological-class-name">net.thomasmaestas.selenium.alertstests.AlertsTests</div> <!-- chronological-class-name -->
              <div class="test-method">
                <img src="failed.png">
                </img>
                <span class="method-name">jsDismissTest</span>
                <span class="method-start">44172 ms</span>
              </div> <!-- test-method -->
            </div> <!-- chronological-class -->
            <div class="chronological-class">
              <div class="chronological-class-name">net.thomasmaestas.selenium.editortests.EditorTests</div> <!-- chronological-class-name -->
              <div class="test-method">
                <span class="method-name">defaultEditorValueTest</span>
                <span class="method-start">45196 ms</span>
              </div> <!-- test-method -->
            </div> <!-- chronological-class -->
            <div class="chronological-class">
              <div class="chronological-class-name">net.thomasmaestas.selenium.keypressestests.KeyPressesTests</div> <!-- chronological-class-name -->
              <div class="test-method">
                <span class="method-name">pressKeyTest</span>
                <span class="method-start">49730 ms</span>
              </div> <!-- test-method -->
              <div class="configuration-method after">
                <span class="method-name">tearDown</span>
                <span class="method-start">50781 ms</span>
              </div> <!-- configuration-method after -->
              <div class="configuration-method before">
                <span class="method-name">setUp(chrome, org.testng.TestRunner@47ef968d)</span>
                <span class="method-start">53163 ms</span>
              </div> <!-- configuration-method before -->
            </div> <!-- chronological-class -->
            <div class="chronological-class">
              <div class="chronological-class-name">net.thomasmaestas.selenium.editortests.EditorTests</div> <!-- chronological-class-name -->
              <div class="configuration-method after">
                <span class="method-name">tearDown</span>
                <span class="method-start">57959 ms</span>
              </div> <!-- configuration-method after -->
            </div> <!-- chronological-class -->
            <div class="chronological-class">
              <div class="chronological-class-name">net.thomasmaestas.selenium.uploadtests.UploadTests</div> <!-- chronological-class-name -->
              <div class="configuration-method before">
                <span class="method-name">setUp(chrome, org.testng.TestRunner@5ae63ade)</span>
                <span class="method-start">58798 ms</span>
              </div> <!-- configuration-method before -->
            </div> <!-- chronological-class -->
            <div class="chronological-class">
              <div class="chronological-class-name">net.thomasmaestas.selenium.alertstests.AlertsTests</div> <!-- chronological-class-name -->
              <div class="configuration-method after">
                <span class="method-name">tearDown</span>
                <span class="method-start">60767 ms</span>
              </div> <!-- configuration-method after -->
              <div class="configuration-method before">
                <span class="method-name">setUp(chrome, org.testng.TestRunner@23e028a9)</span>
                <span class="method-start">61491 ms</span>
              </div> <!-- configuration-method before -->
            </div> <!-- chronological-class -->
            <div class="chronological-class">
              <div class="chronological-class-name">net.thomasmaestas.selenium.keypressestests.KeyPressesTests</div> <!-- chronological-class-name -->
              <div class="test-method">
                <span class="method-name">pressKeyWithActionsTest</span>
                <span class="method-start">61651 ms</span>
              </div> <!-- test-method -->
              <div class="configuration-method after">
                <span class="method-name">tearDown</span>
                <span class="method-start">63003 ms</span>
              </div> <!-- configuration-method after -->
            </div> <!-- chronological-class -->
            <div class="chronological-class">
              <div class="chronological-class-name">net.thomasmaestas.selenium.draganddroptests.DragAndDropTests</div> <!-- chronological-class-name -->
              <div class="configuration-method before">
                <span class="method-name">setUp(chrome, org.testng.TestRunner@3dd4520b)</span>
                <span class="method-start">63993 ms</span>
              </div> <!-- configuration-method before -->
            </div> <!-- chronological-class -->
            <div class="chronological-class">
              <div class="chronological-class-name">net.thomasmaestas.selenium.uploadtests.UploadTests</div> <!-- chronological-class-name -->
              <div class="test-method">
                <span class="method-name">fileUploadTest(1, index.html)</span>
                <span class="method-start">66992 ms</span>
              </div> <!-- test-method -->
            </div> <!-- chronological-class -->
            <div class="chronological-class">
              <div class="chronological-class-name">net.thomasmaestas.selenium.alertstests.AlertsTests</div> <!-- chronological-class-name -->
              <div class="test-method">
                <span class="method-name">jsPromptTest</span>
                <span class="method-start">69761 ms</span>
              </div> <!-- test-method -->
            </div> <!-- chronological-class -->
            <div class="chronological-class">
              <div class="chronological-class-name">net.thomasmaestas.selenium.draganddroptests.DragAndDropTests</div> <!-- chronological-class-name -->
              <div class="test-method">
                <span class="method-name">dragAToBTest</span>
                <span class="method-start">73859 ms</span>
              </div> <!-- test-method -->
              <div class="configuration-method after">
                <span class="method-name">tearDown</span>
                <span class="method-start">74932 ms</span>
              </div> <!-- configuration-method after -->
            </div> <!-- chronological-class -->
            <div class="chronological-class">
              <div class="chronological-class-name">net.thomasmaestas.selenium.alertstests.AlertsTests</div> <!-- chronological-class-name -->
              <div class="configuration-method after">
                <span class="method-name">tearDown</span>
                <span class="method-start">74998 ms</span>
              </div> <!-- configuration-method after -->
            </div> <!-- chronological-class -->
            <div class="chronological-class">
              <div class="chronological-class-name">net.thomasmaestas.selenium.uploadtests.UploadTests</div> <!-- chronological-class-name -->
              <div class="configuration-method after">
                <span class="method-name">tearDown</span>
                <span class="method-start">75169 ms</span>
              </div> <!-- configuration-method after -->
            </div> <!-- chronological-class -->
            <div class="chronological-class">
              <div class="chronological-class-name">net.thomasmaestas.selenium.draganddroptests.DragAndDropTests</div> <!-- chronological-class-name -->
              <div class="configuration-method before">
                <img src="failed.png">
                </img>
                <span class="method-name">setUp(firefox, org.testng.TestRunner@29cdc7)</span>
                <span class="method-start">76086 ms</span>
              </div> <!-- configuration-method before -->
            </div> <!-- chronological-class -->
            <div class="chronological-class">
              <div class="chronological-class-name">net.thomasmaestas.selenium.uploadtests.UploadTests</div> <!-- chronological-class-name -->
              <div class="configuration-method before">
                <span class="method-name">setUp(chrome, org.testng.TestRunner@5ae63ade)</span>
                <span class="method-start">76287 ms</span>
              </div> <!-- configuration-method before -->
              <div class="test-method">
                <span class="method-name">fileUploadTest(2, logo.png)</span>
                <span class="method-start">85427 ms</span>
              </div> <!-- test-method -->
            </div> <!-- chronological-class -->
            <div class="chronological-class">
              <div class="chronological-class-name">net.thomasmaestas.selenium.loginpagetests.NegativeLogInTests</div> <!-- chronological-class-name -->
              <div class="configuration-method after">
                <img src="failed.png">
                </img>
                <span class="method-name">tearDown</span>
                <span class="method-start">86736 ms</span>
              </div> <!-- configuration-method after -->
            </div> <!-- chronological-class -->
            <div class="chronological-class">
              <div class="chronological-class-name">net.thomasmaestas.selenium.uploadtests.UploadTests</div> <!-- chronological-class-name -->
              <div class="configuration-method after">
                <span class="method-name">tearDown</span>
                <span class="method-start">87502 ms</span>
              </div> <!-- configuration-method after -->
              <div class="configuration-method before">
                <span class="method-name">setUp(chrome, org.testng.TestRunner@5ae63ade)</span>
                <span class="method-start">88330 ms</span>
              </div> <!-- configuration-method before -->
              <div class="test-method">
                <span class="method-name">fileUploadTest(3, text.txt)</span>
                <span class="method-start">97384 ms</span>
              </div> <!-- test-method -->
              <div class="configuration-method after">
                <span class="method-name">tearDown</span>
                <span class="method-start">100217 ms</span>
              </div> <!-- configuration-method after -->
            </div> <!-- chronological-class -->
            <div class="chronological-class">
              <div class="chronological-class-name">net.thomasmaestas.selenium.draganddroptests.DragAndDropTests</div> <!-- chronological-class-name -->
              <div class="configuration-method after">
                <img src="failed.png">
                </img>
                <span class="method-name">tearDown</span>
                <span class="method-start">159359 ms</span>
              </div> <!-- configuration-method after -->
          </div> <!-- main-panel-content rounded-window-bottom -->
        </div> <!-- panel -->
      </div> <!-- main-panel-root -->
    </div> <!-- wrapper -->
  </body>
</html>
